[ 2015-03-11T12:08:36+08:00 ] 127.0.0.1 /index.php/home/detail?id=1
INFO: [ app_init ] --START--
INFO: Run Behavior\BuildLiteBehavior [ RunTime:0.000020s ]
INFO: [ app_init ] --END-- [ RunTime:0.000151s ]
INFO: [ app_begin ] --START--
INFO: Run Behavior\ReadHtmlCacheBehavior [ RunTime:0.000061s ]
INFO: [ app_begin ] --END-- [ RunTime:0.000123s ]
ERR: SQLSTATE[42S02]: Base table or view not found: 1146 Table 'Kuulabu.user' doesn't exist

[ 2015-03-11T12:11:38+08:00 ] 127.0.0.1 /index.php/home/detail?id=1
INFO: [ app_init ] --START--
INFO: Run Behavior\BuildLiteBehavior [ RunTime:0.000024s ]
INFO: [ app_init ] --END-- [ RunTime:0.000161s ]
INFO: [ app_begin ] --START--
INFO: Run Behavior\ReadHtmlCacheBehavior [ RunTime:0.000074s ]
INFO: [ app_begin ] --END-- [ RunTime:0.000151s ]
ERR: SQLSTATE[42S02]: Base table or view not found: 1146 Table 'Kuulabu.user' doesn't exist

[ 2015-03-11T12:11:39+08:00 ] 127.0.0.1 /index.php/home/detail?id=1
INFO: [ app_init ] --START--
INFO: Run Behavior\BuildLiteBehavior [ RunTime:0.000033s ]
INFO: [ app_init ] --END-- [ RunTime:0.000190s ]
INFO: [ app_begin ] --START--
INFO: Run Behavior\ReadHtmlCacheBehavior [ RunTime:0.000065s ]
INFO: [ app_begin ] --END-- [ RunTime:0.000131s ]
ERR: SQLSTATE[42S02]: Base table or view not found: 1146 Table 'Kuulabu.user' doesn't exist

[ 2015-03-11T12:11:40+08:00 ] 127.0.0.1 /index.php/home/detail?id=1
INFO: [ app_init ] --START--
INFO: Run Behavior\BuildLiteBehavior [ RunTime:0.000020s ]
INFO: [ app_init ] --END-- [ RunTime:0.000127s ]
INFO: [ app_begin ] --START--
INFO: Run Behavior\ReadHtmlCacheBehavior [ RunTime:0.000101s ]
INFO: [ app_begin ] --END-- [ RunTime:0.000192s ]
ERR: SQLSTATE[42S02]: Base table or view not found: 1146 Table 'Kuulabu.user' doesn't exist

[ 2015-03-11T12:11:57+08:00 ] 127.0.0.1 /index.php/home/detail?id=1
INFO: [ app_init ] --START--
INFO: Run Behavior\BuildLiteBehavior [ RunTime:0.000027s ]
INFO: [ app_init ] --END-- [ RunTime:0.000194s ]
INFO: [ app_begin ] --START--
INFO: Run Behavior\ReadHtmlCacheBehavior [ RunTime:0.000067s ]
INFO: [ app_begin ] --END-- [ RunTime:0.000131s ]
ERR: SQLSTATE[42S02]: Base table or view not found: 1146 Table 'Kuulabu.user' doesn't exist

[ 2015-03-11T12:11:58+08:00 ] 127.0.0.1 /index.php/home/detail?id=1
INFO: [ app_init ] --START--
INFO: Run Behavior\BuildLiteBehavior [ RunTime:0.000033s ]
INFO: [ app_init ] --END-- [ RunTime:0.000232s ]
INFO: [ app_begin ] --START--
INFO: Run Behavior\ReadHtmlCacheBehavior [ RunTime:0.000112s ]
INFO: [ app_begin ] --END-- [ RunTime:0.000235s ]
ERR: SQLSTATE[42S02]: Base table or view not found: 1146 Table 'Kuulabu.user' doesn't exist

[ 2015-03-11T12:11:58+08:00 ] 127.0.0.1 /index.php/home/detail?id=1
INFO: [ app_init ] --START--
INFO: Run Behavior\BuildLiteBehavior [ RunTime:0.000026s ]
INFO: [ app_init ] --END-- [ RunTime:0.000107s ]
INFO: [ app_begin ] --START--
INFO: Run Behavior\ReadHtmlCacheBehavior [ RunTime:0.000039s ]
INFO: [ app_begin ] --END-- [ RunTime:0.000079s ]
ERR: SQLSTATE[42S02]: Base table or view not found: 1146 Table 'Kuulabu.user' doesn't exist

[ 2015-03-11T12:11:58+08:00 ] 127.0.0.1 /index.php/home/detail?id=1
INFO: [ app_init ] --START--
INFO: Run Behavior\BuildLiteBehavior [ RunTime:0.000031s ]
INFO: [ app_init ] --END-- [ RunTime:0.000208s ]
INFO: [ app_begin ] --START--
INFO: Run Behavior\ReadHtmlCacheBehavior [ RunTime:0.000105s ]
INFO: [ app_begin ] --END-- [ RunTime:0.000220s ]
ERR: SQLSTATE[42S02]: Base table or view not found: 1146 Table 'Kuulabu.user' doesn't exist

[ 2015-03-11T12:11:58+08:00 ] 127.0.0.1 /index.php/home/detail?id=1
INFO: [ app_init ] --START--
INFO: Run Behavior\BuildLiteBehavior [ RunTime:0.000021s ]
INFO: [ app_init ] --END-- [ RunTime:0.000136s ]
INFO: [ app_begin ] --START--
INFO: Run Behavior\ReadHtmlCacheBehavior [ RunTime:0.000066s ]
INFO: [ app_begin ] --END-- [ RunTime:0.000155s ]
ERR: SQLSTATE[42S02]: Base table or view not found: 1146 Table 'Kuulabu.user' doesn't exist

[ 2015-03-11T12:11:58+08:00 ] 127.0.0.1 /index.php/home/detail?id=1
INFO: [ app_init ] --START--
INFO: Run Behavior\BuildLiteBehavior [ RunTime:0.000031s ]
INFO: [ app_init ] --END-- [ RunTime:0.000207s ]
INFO: [ app_begin ] --START--
INFO: Run Behavior\ReadHtmlCacheBehavior [ RunTime:0.000107s ]
INFO: [ app_begin ] --END-- [ RunTime:0.000229s ]
ERR: SQLSTATE[42S02]: Base table or view not found: 1146 Table 'Kuulabu.user' doesn't exist

[ 2015-03-11T12:13:31+08:00 ] 127.0.0.1 /index.php/home/detail?id=1
INFO: [ app_init ] --START--
INFO: Run Behavior\BuildLiteBehavior [ RunTime:0.000015s ]
INFO: [ app_init ] --END-- [ RunTime:0.000093s ]
INFO: [ app_begin ] --START--
INFO: Run Behavior\ReadHtmlCacheBehavior [ RunTime:0.000041s ]
INFO: [ app_begin ] --END-- [ RunTime:0.000076s ]

[ 2015-03-11T12:16:44+08:00 ] 127.0.0.1 /index.php/home/detail?id=1
INFO: [ app_init ] --START--
INFO: Run Behavior\BuildLiteBehavior [ RunTime:0.000023s ]
INFO: [ app_init ] --END-- [ RunTime:0.000152s ]
INFO: [ app_begin ] --START--
INFO: Run Behavior\ReadHtmlCacheBehavior [ RunTime:0.000067s ]
INFO: [ app_begin ] --END-- [ RunTime:0.000132s ]
ERR: SQLSTATE[42S02]: Base table or view not found: 1146 Table 'Kuulabu.user' doesn't exist

[ 2015-03-11T12:17:25+08:00 ] 127.0.0.1 /index.php/home/detail?id=1
INFO: [ app_init ] --START--
INFO: Run Behavior\BuildLiteBehavior [ RunTime:0.000032s ]
INFO: [ app_init ] --END-- [ RunTime:0.000242s ]
INFO: [ app_begin ] --START--
INFO: Run Behavior\ReadHtmlCacheBehavior [ RunTime:0.000115s ]
INFO: [ app_begin ] --END-- [ RunTime:0.000230s ]
ERR: SQLSTATE[42S02]: Base table or view not found: 1146 Table 'Kuulabu.user' doesn't exist

[ 2015-03-11T12:17:26+08:00 ] 127.0.0.1 /index.php/home/detail?id=1
INFO: [ app_init ] --START--
INFO: Run Behavior\BuildLiteBehavior [ RunTime:0.000022s ]
INFO: [ app_init ] --END-- [ RunTime:0.000146s ]
INFO: [ app_begin ] --START--
INFO: Run Behavior\ReadHtmlCacheBehavior [ RunTime:0.000074s ]
INFO: [ app_begin ] --END-- [ RunTime:0.000150s ]
ERR: SQLSTATE[42S02]: Base table or view not found: 1146 Table 'Kuulabu.user' doesn't exist

[ 2015-03-11T12:17:26+08:00 ] 127.0.0.1 /index.php/home/detail?id=1
INFO: [ app_init ] --START--
INFO: Run Behavior\BuildLiteBehavior [ RunTime:0.000014s ]
INFO: [ app_init ] --END-- [ RunTime:0.000083s ]
INFO: [ app_begin ] --START--
INFO: Run Behavior\ReadHtmlCacheBehavior [ RunTime:0.000036s ]
INFO: [ app_begin ] --END-- [ RunTime:0.000071s ]
ERR: SQLSTATE[42S02]: Base table or view not found: 1146 Table 'Kuulabu.user' doesn't exist

[ 2015-03-11T12:18:07+08:00 ] 127.0.0.1 /index.php/home/detail?id=1
INFO: [ app_init ] --START--
INFO: Run Behavior\BuildLiteBehavior [ RunTime:0.000018s ]
INFO: [ app_init ] --END-- [ RunTime:0.000131s ]
INFO: [ app_begin ] --START--
INFO: Run Behavior\ReadHtmlCacheBehavior [ RunTime:0.000066s ]
INFO: [ app_begin ] --END-- [ RunTime:0.000114s ]
ERR: SQLSTATE[42S02]: Base table or view not found: 1146 Table 'Kuulabu.user' doesn't exist

[ 2015-03-11T12:18:13+08:00 ] 127.0.0.1 /index.php/home/detail?id=1
INFO: [ app_init ] --START--
INFO: Run Behavior\BuildLiteBehavior [ RunTime:0.000017s ]
INFO: [ app_init ] --END-- [ RunTime:0.000128s ]
INFO: [ app_begin ] --START--
INFO: Run Behavior\ReadHtmlCacheBehavior [ RunTime:0.000067s ]
INFO: [ app_begin ] --END-- [ RunTime:0.000134s ]

[ 2015-03-11T12:19:34+08:00 ] 127.0.0.1 /index.php/home/detail?id=1
INFO: [ app_init ] --START--
INFO: Run Behavior\BuildLiteBehavior [ RunTime:0.000018s ]
INFO: [ app_init ] --END-- [ RunTime:0.000131s ]
INFO: [ app_begin ] --START--
INFO: Run Behavior\ReadHtmlCacheBehavior [ RunTime:0.000058s ]
INFO: [ app_begin ] --END-- [ RunTime:0.000112s ]

[ 2015-03-11T12:24:33+08:00 ] 127.0.0.1 /index.php/home/detail?id=1
INFO: [ app_init ] --START--
INFO: Run Behavior\BuildLiteBehavior [ RunTime:0.000016s ]
INFO: [ app_init ] --END-- [ RunTime:0.000108s ]
INFO: [ app_begin ] --START--
INFO: Run Behavior\ReadHtmlCacheBehavior [ RunTime:0.000046s ]
INFO: [ app_begin ] --END-- [ RunTime:0.000089s ]

[ 2015-03-11T12:24:34+08:00 ] 127.0.0.1 /index.php/home/detail?id=1
INFO: [ app_init ] --START--
INFO: Run Behavior\BuildLiteBehavior [ RunTime:0.000017s ]
INFO: [ app_init ] --END-- [ RunTime:0.000115s ]
INFO: [ app_begin ] --START--
INFO: Run Behavior\ReadHtmlCacheBehavior [ RunTime:0.000050s ]
INFO: [ app_begin ] --END-- [ RunTime:0.000105s ]

[ 2015-03-11T12:24:59+08:00 ] 127.0.0.1 /index.php/home/detail?id=1
INFO: [ app_init ] --START--
INFO: Run Behavior\BuildLiteBehavior [ RunTime:0.000013s ]
INFO: [ app_init ] --END-- [ RunTime:0.000095s ]
INFO: [ app_begin ] --START--
INFO: Run Behavior\ReadHtmlCacheBehavior [ RunTime:0.000064s ]
INFO: [ app_begin ] --END-- [ RunTime:0.000126s ]

[ 2015-03-11T12:25:15+08:00 ] 127.0.0.1 /index.php/home/detail?id=1
INFO: [ app_init ] --START--
INFO: Run Behavior\BuildLiteBehavior [ RunTime:0.000019s ]
INFO: [ app_init ] --END-- [ RunTime:0.000128s ]
INFO: [ app_begin ] --START--
INFO: Run Behavior\ReadHtmlCacheBehavior [ RunTime:0.000059s ]
INFO: [ app_begin ] --END-- [ RunTime:0.000118s ]

[ 2015-03-11T12:25:49+08:00 ] 127.0.0.1 /index.php/home/detail?id=1
INFO: [ app_init ] --START--
INFO: Run Behavior\BuildLiteBehavior [ RunTime:0.000016s ]
INFO: [ app_init ] --END-- [ RunTime:0.000118s ]
INFO: [ app_begin ] --START--
INFO: Run Behavior\ReadHtmlCacheBehavior [ RunTime:0.000055s ]
INFO: [ app_begin ] --END-- [ RunTime:0.000109s ]

[ 2015-03-11T12:30:32+08:00 ] 127.0.0.1 /index.php/home/detail?id=1
INFO: [ app_init ] --START--
INFO: Run Behavior\BuildLiteBehavior [ RunTime:0.000020s ]
INFO: [ app_init ] --END-- [ RunTime:0.000145s ]
INFO: [ app_begin ] --START--
INFO: Run Behavior\ReadHtmlCacheBehavior [ RunTime:0.000099s ]
INFO: [ app_begin ] --END-- [ RunTime:0.000216s ]

[ 2015-03-11T12:30:54+08:00 ] 127.0.0.1 /index.php/home/detail?id=1
INFO: [ app_init ] --START--
INFO: Run Behavior\BuildLiteBehavior [ RunTime:0.000012s ]
INFO: [ app_init ] --END-- [ RunTime:0.000090s ]
INFO: [ app_begin ] --START--
INFO: Run Behavior\ReadHtmlCacheBehavior [ RunTime:0.000042s ]
INFO: [ app_begin ] --END-- [ RunTime:0.000083s ]

[ 2015-03-11T12:31:26+08:00 ] 127.0.0.1 /index.php/home/detail?id=1
INFO: [ app_init ] --START--
INFO: Run Behavior\BuildLiteBehavior [ RunTime:0.000017s ]
INFO: [ app_init ] --END-- [ RunTime:0.000129s ]
INFO: [ app_begin ] --START--
INFO: Run Behavior\ReadHtmlCacheBehavior [ RunTime:0.000057s ]
INFO: [ app_begin ] --END-- [ RunTime:0.000113s ]

[ 2015-03-11T12:32:31+08:00 ] 127.0.0.1 /index.php/home/detail?id=1
INFO: [ app_init ] --START--
INFO: Run Behavior\BuildLiteBehavior [ RunTime:0.000013s ]
INFO: [ app_init ] --END-- [ RunTime:0.000086s ]
INFO: [ app_begin ] --START--
INFO: Run Behavior\ReadHtmlCacheBehavior [ RunTime:0.000041s ]
INFO: [ app_begin ] --END-- [ RunTime:0.000080s ]

[ 2015-03-11T12:33:40+08:00 ] 127.0.0.1 /index.php/home/detail?id=1
INFO: [ app_init ] --START--
INFO: Run Behavior\BuildLiteBehavior [ RunTime:0.000021s ]
INFO: [ app_init ] --END-- [ RunTime:0.000146s ]
INFO: [ app_begin ] --START--
INFO: Run Behavior\ReadHtmlCacheBehavior [ RunTime:0.000068s ]
INFO: [ app_begin ] --END-- [ RunTime:0.000132s ]

[ 2015-03-11T13:21:47+08:00 ] 127.0.0.1 /index.php/home/detail?id=1
INFO: [ app_init ] --START--
INFO: Run Behavior\BuildLiteBehavior [ RunTime:0.000032s ]
INFO: [ app_init ] --END-- [ RunTime:0.000231s ]
INFO: [ app_begin ] --START--
INFO: Run Behavior\ReadHtmlCacheBehavior [ RunTime:0.000091s ]
INFO: [ app_begin ] --END-- [ RunTime:0.000180s ]
ERR: SQLSTATE[42S02]: Base table or view not found: 1146 Table 'Kuulabu.user' doesn't exist

[ 2015-03-11T13:29:06+08:00 ] 127.0.0.1 /index.php/home/detail?id=1
INFO: [ app_init ] --START--
INFO: Run Behavior\BuildLiteBehavior [ RunTime:0.000018s ]
INFO: [ app_init ] --END-- [ RunTime:0.000124s ]
INFO: [ app_begin ] --START--
INFO: Run Behavior\ReadHtmlCacheBehavior [ RunTime:0.000042s ]
INFO: [ app_begin ] --END-- [ RunTime:0.000080s ]
ERR: SQLSTATE[42S02]: Base table or view not found: 1146 Table 'cinema.user' doesn't exist

[ 2015-03-11T13:31:31+08:00 ] 127.0.0.1 /index.php/home/detail?id=1
INFO: [ app_init ] --START--
INFO: Run Behavior\BuildLiteBehavior [ RunTime:0.000020s ]
INFO: [ app_init ] --END-- [ RunTime:0.000133s ]
INFO: [ app_begin ] --START--
INFO: Run Behavior\ReadHtmlCacheBehavior [ RunTime:0.000067s ]
INFO: [ app_begin ] --END-- [ RunTime:0.000133s ]
SQL: SHOW COLUMNS FROM `test` [ RunTime:0.0006s ]
INFO: [ app_end ] --START--
INFO: Run Behavior\ShowPageTraceBehavior [ RunTime:0.000096s ]
INFO: [ app_end ] --END-- [ RunTime:0.000160s ]

[ 2015-03-11T15:27:34+08:00 ] 127.0.0.1 /index.php/home/detail?id=1
INFO: [ app_init ] --START--
INFO: Run Behavior\BuildLiteBehavior [ RunTime:0.000021s ]
INFO: [ app_init ] --END-- [ RunTime:0.000727s ]
INFO: [ app_begin ] --START--
INFO: Run Behavior\ReadHtmlCacheBehavior [ RunTime:0.000905s ]
INFO: [ app_begin ] --END-- [ RunTime:0.000968s ]
ERR: SQLSTATE[42S02]: Base table or view not found: 1146 Table 'cinema.movie' doesn't exist

[ 2015-03-11T15:33:48+08:00 ] 127.0.0.1 /index.php/home/detail?id=1
INFO: [ app_init ] --START--
INFO: Run Behavior\BuildLiteBehavior [ RunTime:0.000016s ]
INFO: [ app_init ] --END-- [ RunTime:0.000101s ]
INFO: [ app_begin ] --START--
INFO: Run Behavior\ReadHtmlCacheBehavior [ RunTime:0.000056s ]
INFO: [ app_begin ] --END-- [ RunTime:0.000102s ]
SQL: SHOW COLUMNS FROM `movie` [ RunTime:0.0380s ]
INFO: [ app_end ] --START--
INFO: Run Behavior\ShowPageTraceBehavior [ RunTime:0.007631s ]
INFO: [ app_end ] --END-- [ RunTime:0.007704s ]

[ 2015-03-11T15:34:04+08:00 ] 127.0.0.1 /index.php/home/detail?id=1
INFO: [ app_init ] --START--
INFO: Run Behavior\BuildLiteBehavior [ RunTime:0.000018s ]
INFO: [ app_init ] --END-- [ RunTime:0.000140s ]
INFO: [ app_begin ] --START--
INFO: Run Behavior\ReadHtmlCacheBehavior [ RunTime:0.000052s ]
INFO: [ app_begin ] --END-- [ RunTime:0.000102s ]
SQL: SHOW COLUMNS FROM `movie` [ RunTime:0.0008s ]
SQL: SELECT * FROM `movie`  [ RunTime:0.0006s ]
INFO: [ app_end ] --START--
INFO: Run Behavior\ShowPageTraceBehavior [ RunTime:0.000091s ]
INFO: [ app_end ] --END-- [ RunTime:0.000167s ]

[ 2015-03-11T15:35:07+08:00 ] 127.0.0.1 /index.php/home/detail?id=1
INFO: [ app_init ] --START--
INFO: Run Behavior\BuildLiteBehavior [ RunTime:0.000020s ]
INFO: [ app_init ] --END-- [ RunTime:0.000149s ]
INFO: [ app_begin ] --START--
INFO: Run Behavior\ReadHtmlCacheBehavior [ RunTime:0.000066s ]
INFO: [ app_begin ] --END-- [ RunTime:0.000129s ]
SQL: SHOW COLUMNS FROM `movie` [ RunTime:0.0007s ]
SQL: SELECT * FROM `movie`  [ RunTime:0.0002s ]
INFO: [ app_end ] --START--
INFO: Run Behavior\ShowPageTraceBehavior [ RunTime:0.000068s ]
INFO: [ app_end ] --END-- [ RunTime:0.000125s ]

[ 2015-03-11T15:39:02+08:00 ] 127.0.0.1 /index.php/home/detail?id=1
INFO: [ app_init ] --START--
INFO: Run Behavior\BuildLiteBehavior [ RunTime:0.000034s ]
INFO: [ app_init ] --END-- [ RunTime:0.000223s ]
INFO: [ app_begin ] --START--
INFO: Run Behavior\ReadHtmlCacheBehavior [ RunTime:0.000090s ]
INFO: [ app_begin ] --END-- [ RunTime:0.000167s ]
SQL: SHOW COLUMNS FROM `movie` [ RunTime:0.0009s ]
SQL: SELECT * FROM `movie` WHERE ( id=1 )  [ RunTime:0.0382s ]
INFO: [ app_end ] --START--
INFO: Run Behavior\ShowPageTraceBehavior [ RunTime:0.000145s ]
INFO: [ app_end ] --END-- [ RunTime:0.000227s ]

[ 2015-03-11T15:39:36+08:00 ] 127.0.0.1 /index.php/home/detail?id=1
INFO: [ app_init ] --START--
INFO: Run Behavior\BuildLiteBehavior [ RunTime:0.000028s ]
INFO: [ app_init ] --END-- [ RunTime:0.000218s ]
INFO: [ app_begin ] --START--
INFO: Run Behavior\ReadHtmlCacheBehavior [ RunTime:0.000086s ]
INFO: [ app_begin ] --END-- [ RunTime:0.000166s ]
SQL: SHOW COLUMNS FROM `movie` [ RunTime:0.0010s ]
SQL: SELECT * FROM `movie` WHERE ( id=1 )  [ RunTime:0.0001s ]

[ 2015-03-11T15:40:57+08:00 ] 127.0.0.1 /index.php/home/detail?id=1
INFO: [ app_init ] --START--
INFO: Run Behavior\BuildLiteBehavior [ RunTime:0.000021s ]
INFO: [ app_init ] --END-- [ RunTime:0.000149s ]
INFO: [ app_begin ] --START--
INFO: Run Behavior\ReadHtmlCacheBehavior [ RunTime:0.000053s ]
INFO: [ app_begin ] --END-- [ RunTime:0.000097s ]
SQL: SHOW COLUMNS FROM `movie` [ RunTime:0.0007s ]
SQL: SELECT * FROM `movie` WHERE ( id=1 )  [ RunTime:0.0001s ]
INFO: [ app_end ] --START--
INFO: Run Behavior\ShowPageTraceBehavior [ RunTime:0.000067s ]
INFO: [ app_end ] --END-- [ RunTime:0.000104s ]

[ 2015-03-11T15:46:09+08:00 ] 127.0.0.1 /index.php/home/detail?id=1
INFO: [ app_init ] --START--
INFO: Run Behavior\BuildLiteBehavior [ RunTime:0.000012s ]
INFO: [ app_init ] --END-- [ RunTime:0.000089s ]
INFO: [ app_begin ] --START--
INFO: Run Behavior\ReadHtmlCacheBehavior [ RunTime:0.000039s ]
INFO: [ app_begin ] --END-- [ RunTime:0.000072s ]
SQL: SHOW COLUMNS FROM `movie` [ RunTime:0.0007s ]
SQL: SELECT * FROM `movie` WHERE ( id=1 )  [ RunTime:0.0001s ]
INFO: [ app_end ] --START--
INFO: Run Behavior\ShowPageTraceBehavior [ RunTime:0.000120s ]
INFO: [ app_end ] --END-- [ RunTime:0.000196s ]

[ 2015-03-11T15:46:37+08:00 ] 127.0.0.1 /index.php/home/detail?id=1
INFO: [ app_init ] --START--
INFO: Run Behavior\BuildLiteBehavior [ RunTime:0.000024s ]
INFO: [ app_init ] --END-- [ RunTime:0.000204s ]
INFO: [ app_begin ] --START--
INFO: Run Behavior\ReadHtmlCacheBehavior [ RunTime:0.000087s ]
INFO: [ app_begin ] --END-- [ RunTime:0.000166s ]
SQL: SHOW COLUMNS FROM `movie` [ RunTime:0.0011s ]
SQL: SELECT * FROM `movie` WHERE ( id=1 )  [ RunTime:0.0001s ]
INFO: [ app_end ] --START--
INFO: Run Behavior\ShowPageTraceBehavior [ RunTime:0.000102s ]
INFO: [ app_end ] --END-- [ RunTime:0.000164s ]

[ 2015-03-11T15:49:30+08:00 ] 127.0.0.1 /index.php/home/detail?id=1
INFO: [ app_init ] --START--
INFO: Run Behavior\BuildLiteBehavior [ RunTime:0.000023s ]
INFO: [ app_init ] --END-- [ RunTime:0.000169s ]
INFO: [ app_begin ] --START--
INFO: Run Behavior\ReadHtmlCacheBehavior [ RunTime:0.000101s ]
INFO: [ app_begin ] --END-- [ RunTime:0.000186s ]
SQL: SHOW COLUMNS FROM `movie` [ RunTime:0.0016s ]
SQL: SELECT * FROM `movie` WHERE ( id=1 )  [ RunTime:0.0001s ]
INFO: [ app_end ] --START--
INFO: Run Behavior\ShowPageTraceBehavior [ RunTime:0.000105s ]
INFO: [ app_end ] --END-- [ RunTime:0.000164s ]

[ 2015-03-11T15:49:43+08:00 ] 127.0.0.1 /index.php/home/detail?id=2
INFO: [ app_init ] --START--
INFO: Run Behavior\BuildLiteBehavior [ RunTime:0.000020s ]
INFO: [ app_init ] --END-- [ RunTime:0.000144s ]
INFO: [ app_begin ] --START--
INFO: Run Behavior\ReadHtmlCacheBehavior [ RunTime:0.000085s ]
INFO: [ app_begin ] --END-- [ RunTime:0.000159s ]
SQL: SHOW COLUMNS FROM `movie` [ RunTime:0.0010s ]
SQL: SELECT * FROM `movie` WHERE ( id=2 )  [ RunTime:0.0004s ]
INFO: [ app_end ] --START--
INFO: Run Behavior\ShowPageTraceBehavior [ RunTime:0.000100s ]
INFO: [ app_end ] --END-- [ RunTime:0.000164s ]

[ 2015-03-11T15:49:48+08:00 ] 127.0.0.1 /index.php/home/detail?id=1
INFO: [ app_init ] --START--
INFO: Run Behavior\BuildLiteBehavior [ RunTime:0.000013s ]
INFO: [ app_init ] --END-- [ RunTime:0.000091s ]
INFO: [ app_begin ] --START--
INFO: Run Behavior\ReadHtmlCacheBehavior [ RunTime:0.000038s ]
INFO: [ app_begin ] --END-- [ RunTime:0.000073s ]
SQL: SHOW COLUMNS FROM `movie` [ RunTime:0.0009s ]
SQL: SELECT * FROM `movie` WHERE ( id=1 )  [ RunTime:0.0001s ]
INFO: [ app_end ] --START--
INFO: Run Behavior\ShowPageTraceBehavior [ RunTime:0.073762s ]
INFO: [ app_end ] --END-- [ RunTime:0.073832s ]

[ 2015-03-11T16:09:00+08:00 ] 127.0.0.1 /index.php/home/detail?id=1
INFO: [ app_init ] --START--
INFO: Run Behavior\BuildLiteBehavior [ RunTime:0.000018s ]
INFO: [ app_init ] --END-- [ RunTime:0.000136s ]
INFO: [ app_begin ] --START--
INFO: Run Behavior\ReadHtmlCacheBehavior [ RunTime:0.000068s ]
INFO: [ app_begin ] --END-- [ RunTime:0.000133s ]
SQL: SHOW COLUMNS FROM `movie` [ RunTime:0.0009s ]
SQL: SELECT * FROM `movie` WHERE ( id=1 )  [ RunTime:0.0001s ]
SQL: SHOW COLUMNS FROM `movie_actor` [ RunTime:0.0005s ]
SQL: SELECT * FROM `movie_actor` INNER JOIN actor on actor.id = movie_actor.actor_id  WHERE ( movie_id=1 )  [ RunTime:0.0004s ]
INFO: [ app_end ] --START--
INFO: Run Behavior\ShowPageTraceBehavior [ RunTime:0.000065s ]
INFO: [ app_end ] --END-- [ RunTime:0.000099s ]

[ 2015-03-11T16:09:09+08:00 ] 127.0.0.1 /index.php/home/detail?id=1
INFO: [ app_init ] --START--
INFO: Run Behavior\BuildLiteBehavior [ RunTime:0.000023s ]
INFO: [ app_init ] --END-- [ RunTime:0.000175s ]
INFO: [ app_begin ] --START--
INFO: Run Behavior\ReadHtmlCacheBehavior [ RunTime:0.000135s ]
INFO: [ app_begin ] --END-- [ RunTime:0.000215s ]
SQL: SHOW COLUMNS FROM `movie` [ RunTime:0.0012s ]
SQL: SELECT * FROM `movie` WHERE ( id=1 )  [ RunTime:0.0001s ]
SQL: SHOW COLUMNS FROM `movie_actor` [ RunTime:0.0007s ]
SQL: SELECT * FROM `movie_actor` INNER JOIN actor on actor.id = movie_actor.actor_id  WHERE ( movie_id=1 )  [ RunTime:0.0001s ]
INFO: [ app_end ] --START--
INFO: Run Behavior\ShowPageTraceBehavior [ RunTime:0.000112s ]
INFO: [ app_end ] --END-- [ RunTime:0.000192s ]

[ 2015-03-11T16:19:21+08:00 ] 127.0.0.1 /index.php/home/detail?id=1
INFO: [ app_init ] --START--
INFO: Run Behavior\BuildLiteBehavior [ RunTime:0.000016s ]
INFO: [ app_init ] --END-- [ RunTime:0.000113s ]
INFO: [ app_begin ] --START--
INFO: Run Behavior\ReadHtmlCacheBehavior [ RunTime:0.000059s ]
INFO: [ app_begin ] --END-- [ RunTime:0.000106s ]
SQL: SHOW COLUMNS FROM `movie` [ RunTime:0.0009s ]
SQL: SELECT * FROM `movie` WHERE ( id=1 )  [ RunTime:0.0001s ]
SQL: SHOW COLUMNS FROM `movie_actor` [ RunTime:0.0006s ]
SQL: SELECT * FROM `movie_actor` INNER JOIN actor on actor.id = movie_actor.actor_id  WHERE ( movie_id=1 )  [ RunTime:0.0001s ]
INFO: [ view_parse ] --START--
INFO: [ template_filter ] --START--
INFO: Run Behavior\ContentReplaceBehavior [ RunTime:0.000098s ]
INFO: [ template_filter ] --END-- [ RunTime:0.000189s ]
INFO: Run Behavior\ParseTemplateBehavior [ RunTime:0.132837s ]
INFO: [ view_parse ] --END-- [ RunTime:0.132900s ]
INFO: [ view_filter ] --START--
INFO: Run Behavior\WriteHtmlCacheBehavior [ RunTime:0.007914s ]
INFO: [ view_filter ] --END-- [ RunTime:0.007973s ]
NOTIC: [2] Cannot modify header information - headers already sent by (output started at /var/www/Symfony/2tu.cc/ThinkPHP/Common/functions.php:821) /var/www/Symfony/2tu.cc/ThinkPHP/Library/Think/View.class.php 第 91 行.
NOTIC: [2] Cannot modify header information - headers already sent by (output started at /var/www/Symfony/2tu.cc/ThinkPHP/Common/functions.php:821) /var/www/Symfony/2tu.cc/ThinkPHP/Library/Think/View.class.php 第 92 行.
NOTIC: [2] Cannot modify header information - headers already sent by (output started at /var/www/Symfony/2tu.cc/ThinkPHP/Common/functions.php:821) /var/www/Symfony/2tu.cc/ThinkPHP/Library/Think/View.class.php 第 93 行.
INFO: [ app_end ] --START--
INFO: Run Behavior\ShowPageTraceBehavior [ RunTime:0.000063s ]
INFO: [ app_end ] --END-- [ RunTime:0.000106s ]

[ 2015-03-11T16:28:52+08:00 ] 127.0.0.1 /index.php/home/detail?id=1
INFO: [ app_init ] --START--
INFO: Run Behavior\BuildLiteBehavior [ RunTime:0.000018s ]
INFO: [ app_init ] --END-- [ RunTime:0.000135s ]
INFO: [ app_begin ] --START--
INFO: Run Behavior\ReadHtmlCacheBehavior [ RunTime:0.000054s ]
INFO: [ app_begin ] --END-- [ RunTime:0.000093s ]
SQL: SHOW COLUMNS FROM `movie` [ RunTime:0.0008s ]
SQL: SELECT * FROM `movie` WHERE ( id=1 )  [ RunTime:0.0001s ]
SQL: SHOW COLUMNS FROM `movie_actor` [ RunTime:0.0004s ]
SQL: SELECT * FROM `movie_actor` INNER JOIN actor on actor.id = movie_actor.actor_id  WHERE ( movie_id=1 )  [ RunTime:0.0001s ]
INFO: [ view_parse ] --START--
INFO: [ template_filter ] --START--
INFO: Run Behavior\ContentReplaceBehavior [ RunTime:0.000064s ]
INFO: [ template_filter ] --END-- [ RunTime:0.000110s ]
INFO: Run Behavior\ParseTemplateBehavior [ RunTime:0.005588s ]
INFO: [ view_parse ] --END-- [ RunTime:0.005631s ]
INFO: [ view_filter ] --START--
INFO: Run Behavior\WriteHtmlCacheBehavior [ RunTime:0.000045s ]
INFO: [ view_filter ] --END-- [ RunTime:0.000075s ]
INFO: [ app_end ] --START--
INFO: Run Behavior\ShowPageTraceBehavior [ RunTime:0.000051s ]
INFO: [ app_end ] --END-- [ RunTime:0.000095s ]

[ 2015-03-11T16:28:59+08:00 ] 127.0.0.1 /index.php/home/detail?id=1
INFO: [ app_init ] --START--
INFO: Run Behavior\BuildLiteBehavior [ RunTime:0.000030s ]
INFO: [ app_init ] --END-- [ RunTime:0.000227s ]
INFO: [ app_begin ] --START--
INFO: Run Behavior\ReadHtmlCacheBehavior [ RunTime:0.000102s ]
INFO: [ app_begin ] --END-- [ RunTime:0.000184s ]
SQL: SHOW COLUMNS FROM `movie` [ RunTime:0.0010s ]
SQL: SELECT * FROM `movie` WHERE ( id=1 )  [ RunTime:0.0001s ]
SQL: SHOW COLUMNS FROM `movie_actor` [ RunTime:0.0004s ]
SQL: SELECT * FROM `movie_actor` INNER JOIN actor on actor.id = movie_actor.actor_id  WHERE ( movie_id=1 )  [ RunTime:0.0001s ]
INFO: [ view_parse ] --START--
INFO: [ template_filter ] --START--
INFO: Run Behavior\ContentReplaceBehavior [ RunTime:0.000065s ]
INFO: [ template_filter ] --END-- [ RunTime:0.000118s ]
INFO: Run Behavior\ParseTemplateBehavior [ RunTime:0.005335s ]
INFO: [ view_parse ] --END-- [ RunTime:0.005386s ]
INFO: [ view_filter ] --START--
INFO: Run Behavior\WriteHtmlCacheBehavior [ RunTime:0.000048s ]
INFO: [ view_filter ] --END-- [ RunTime:0.000079s ]
INFO: [ app_end ] --START--
INFO: Run Behavior\ShowPageTraceBehavior [ RunTime:0.000051s ]
INFO: [ app_end ] --END-- [ RunTime:0.000084s ]

[ 2015-03-11T16:29:41+08:00 ] 127.0.0.1 /index.php/home/detail?id=1
INFO: [ app_init ] --START--
INFO: Run Behavior\BuildLiteBehavior [ RunTime:0.000016s ]
INFO: [ app_init ] --END-- [ RunTime:0.000103s ]
INFO: [ app_begin ] --START--
INFO: Run Behavior\ReadHtmlCacheBehavior [ RunTime:0.000038s ]
INFO: [ app_begin ] --END-- [ RunTime:0.000073s ]
SQL: SHOW COLUMNS FROM `movie` [ RunTime:0.0007s ]
SQL: SELECT * FROM `movie` WHERE ( id=1 )  [ RunTime:0.0001s ]
SQL: SHOW COLUMNS FROM `movie_actor` [ RunTime:0.0004s ]
SQL: SELECT * FROM `movie_actor` INNER JOIN actor on actor.id = movie_actor.actor_id  WHERE ( movie_id=1 )  [ RunTime:0.0001s ]
INFO: [ view_parse ] --START--
INFO: [ template_filter ] --START--
INFO: Run Behavior\ContentReplaceBehavior [ RunTime:0.000085s ]
INFO: [ template_filter ] --END-- [ RunTime:0.000176s ]
INFO: Run Behavior\ParseTemplateBehavior [ RunTime:0.006089s ]
INFO: [ view_parse ] --END-- [ RunTime:0.006155s ]
INFO: [ view_filter ] --START--
INFO: Run Behavior\WriteHtmlCacheBehavior [ RunTime:0.000052s ]
INFO: [ view_filter ] --END-- [ RunTime:0.000084s ]
INFO: [ app_end ] --START--
INFO: Run Behavior\ShowPageTraceBehavior [ RunTime:0.000064s ]
INFO: [ app_end ] --END-- [ RunTime:0.000123s ]

[ 2015-03-11T16:32:16+08:00 ] 127.0.0.1 /index.php/home/detail?id=1
INFO: [ app_init ] --START--
INFO: Run Behavior\BuildLiteBehavior [ RunTime:0.000022s ]
INFO: [ app_init ] --END-- [ RunTime:0.000145s ]
INFO: [ app_begin ] --START--
INFO: Run Behavior\ReadHtmlCacheBehavior [ RunTime:0.000057s ]
INFO: [ app_begin ] --END-- [ RunTime:0.000105s ]
SQL: SHOW COLUMNS FROM `movie` [ RunTime:0.0009s ]
SQL: SELECT * FROM `movie` WHERE ( id=1 )  [ RunTime:0.0001s ]
SQL: SHOW COLUMNS FROM `movie_actor` [ RunTime:0.0006s ]
SQL: SELECT * FROM `movie_actor` INNER JOIN actor on actor.id = movie_actor.actor_id  WHERE ( movie_id=1 )  [ RunTime:0.0001s ]
INFO: [ view_parse ] --START--
INFO: [ template_filter ] --START--
INFO: Run Behavior\ContentReplaceBehavior [ RunTime:0.000058s ]
INFO: [ template_filter ] --END-- [ RunTime:0.000112s ]
INFO: Run Behavior\ParseTemplateBehavior [ RunTime:0.009547s ]
INFO: [ view_parse ] --END-- [ RunTime:0.009599s ]
INFO: [ view_filter ] --START--
INFO: Run Behavior\WriteHtmlCacheBehavior [ RunTime:0.000054s ]
INFO: [ view_filter ] --END-- [ RunTime:0.000086s ]
INFO: [ app_end ] --START--
INFO: Run Behavior\ShowPageTraceBehavior [ RunTime:0.000047s ]
INFO: [ app_end ] --END-- [ RunTime:0.000080s ]

[ 2015-03-11T16:45:33+08:00 ] 127.0.0.1 /index.php/home/detail?id=1
INFO: [ app_init ] --START--
INFO: Run Behavior\BuildLiteBehavior [ RunTime:0.000013s ]
INFO: [ app_init ] --END-- [ RunTime:0.000086s ]
INFO: [ app_begin ] --START--
INFO: Run Behavior\ReadHtmlCacheBehavior [ RunTime:0.000055s ]
INFO: [ app_begin ] --END-- [ RunTime:0.000099s ]
SQL: SHOW COLUMNS FROM `movie` [ RunTime:0.0008s ]
SQL: SELECT * FROM `movie` WHERE ( id=1 )  [ RunTime:0.0001s ]
SQL: SHOW COLUMNS FROM `movie_actor` [ RunTime:0.0004s ]
SQL: SELECT * FROM `movie_actor` INNER JOIN actor on actor.id = movie_actor.actor_id  WHERE ( movie_id=1 )  [ RunTime:0.0001s ]
INFO: [ view_parse ] --START--
INFO: [ template_filter ] --START--
INFO: Run Behavior\ContentReplaceBehavior [ RunTime:0.000114s ]
INFO: [ template_filter ] --END-- [ RunTime:0.000205s ]
INFO: Run Behavior\ParseTemplateBehavior [ RunTime:0.009650s ]
INFO: [ view_parse ] --END-- [ RunTime:0.009722s ]
INFO: [ view_filter ] --START--
INFO: Run Behavior\WriteHtmlCacheBehavior [ RunTime:0.000074s ]
INFO: [ view_filter ] --END-- [ RunTime:0.000129s ]
NOTIC: [2] Cannot modify header information - headers already sent by (output started at /var/www/Symfony/2tu.cc/ThinkPHP/Common/functions.php:821) /var/www/Symfony/2tu.cc/ThinkPHP/Library/Think/View.class.php 第 91 行.
NOTIC: [2] Cannot modify header information - headers already sent by (output started at /var/www/Symfony/2tu.cc/ThinkPHP/Common/functions.php:821) /var/www/Symfony/2tu.cc/ThinkPHP/Library/Think/View.class.php 第 92 行.
NOTIC: [2] Cannot modify header information - headers already sent by (output started at /var/www/Symfony/2tu.cc/ThinkPHP/Common/functions.php:821) /var/www/Symfony/2tu.cc/ThinkPHP/Library/Think/View.class.php 第 93 行.
INFO: [ app_end ] --START--
INFO: Run Behavior\ShowPageTraceBehavior [ RunTime:0.000127s ]
INFO: [ app_end ] --END-- [ RunTime:0.000220s ]

[ 2015-03-11T16:46:20+08:00 ] 127.0.0.1 /index.php/home/detail?id=1
INFO: [ app_init ] --START--
INFO: Run Behavior\BuildLiteBehavior [ RunTime:0.000012s ]
INFO: [ app_init ] --END-- [ RunTime:0.000084s ]
INFO: [ app_begin ] --START--
INFO: Run Behavior\ReadHtmlCacheBehavior [ RunTime:0.000056s ]
INFO: [ app_begin ] --END-- [ RunTime:0.000101s ]
SQL: SHOW COLUMNS FROM `movie` [ RunTime:0.0007s ]
SQL: SELECT * FROM `movie` WHERE ( id=1 )  [ RunTime:0.0001s ]
SQL: SHOW COLUMNS FROM `movie_actor` [ RunTime:0.0007s ]
SQL: SELECT * FROM `movie_actor` INNER JOIN actor on actor.id = movie_actor.actor_id  WHERE ( movie_id=1 )  [ RunTime:0.0001s ]
INFO: [ view_parse ] --START--
INFO: [ template_filter ] --START--
INFO: Run Behavior\ContentReplaceBehavior [ RunTime:0.000058s ]
INFO: [ template_filter ] --END-- [ RunTime:0.000110s ]
INFO: Run Behavior\ParseTemplateBehavior [ RunTime:0.006779s ]
INFO: [ view_parse ] --END-- [ RunTime:0.006839s ]
INFO: [ view_filter ] --START--
INFO: Run Behavior\WriteHtmlCacheBehavior [ RunTime:0.000049s ]
INFO: [ view_filter ] --END-- [ RunTime:0.000079s ]
NOTIC: [2] Cannot modify header information - headers already sent by (output started at /var/www/Symfony/2tu.cc/ThinkPHP/Common/functions.php:821) /var/www/Symfony/2tu.cc/ThinkPHP/Library/Think/View.class.php 第 91 行.
NOTIC: [2] Cannot modify header information - headers already sent by (output started at /var/www/Symfony/2tu.cc/ThinkPHP/Common/functions.php:821) /var/www/Symfony/2tu.cc/ThinkPHP/Library/Think/View.class.php 第 92 行.
NOTIC: [2] Cannot modify header information - headers already sent by (output started at /var/www/Symfony/2tu.cc/ThinkPHP/Common/functions.php:821) /var/www/Symfony/2tu.cc/ThinkPHP/Library/Think/View.class.php 第 93 行.
INFO: [ app_end ] --START--
INFO: Run Behavior\ShowPageTraceBehavior [ RunTime:0.000053s ]
INFO: [ app_end ] --END-- [ RunTime:0.000087s ]

[ 2015-03-11T16:46:57+08:00 ] 127.0.0.1 /index.php/home/detail?id=1
INFO: [ app_init ] --START--
INFO: Run Behavior\BuildLiteBehavior [ RunTime:0.000022s ]
INFO: [ app_init ] --END-- [ RunTime:0.000146s ]
INFO: [ app_begin ] --START--
INFO: Run Behavior\ReadHtmlCacheBehavior [ RunTime:0.000078s ]
INFO: [ app_begin ] --END-- [ RunTime:0.000145s ]
SQL: SHOW COLUMNS FROM `movie` [ RunTime:0.0007s ]
SQL: SELECT * FROM `movie` WHERE ( id=1 )  [ RunTime:0.0001s ]
SQL: SHOW COLUMNS FROM `movie_actor` [ RunTime:0.0004s ]
SQL: SELECT * FROM `movie_actor` INNER JOIN actor on actor.id = movie_actor.actor_id  WHERE ( movie_id=1 )  [ RunTime:0.0001s ]
INFO: [ view_parse ] --START--
INFO: [ template_filter ] --START--
INFO: Run Behavior\ContentReplaceBehavior [ RunTime:0.000054s ]
INFO: [ template_filter ] --END-- [ RunTime:0.000109s ]
INFO: Run Behavior\ParseTemplateBehavior [ RunTime:0.007270s ]
INFO: [ view_parse ] --END-- [ RunTime:0.007319s ]
INFO: [ view_filter ] --START--
INFO: Run Behavior\WriteHtmlCacheBehavior [ RunTime:0.000052s ]
INFO: [ view_filter ] --END-- [ RunTime:0.000081s ]
NOTIC: [2] Cannot modify header information - headers already sent by (output started at /var/www/Symfony/2tu.cc/ThinkPHP/Common/functions.php:821) /var/www/Symfony/2tu.cc/ThinkPHP/Library/Think/View.class.php 第 91 行.
NOTIC: [2] Cannot modify header information - headers already sent by (output started at /var/www/Symfony/2tu.cc/ThinkPHP/Common/functions.php:821) /var/www/Symfony/2tu.cc/ThinkPHP/Library/Think/View.class.php 第 92 行.
NOTIC: [2] Cannot modify header information - headers already sent by (output started at /var/www/Symfony/2tu.cc/ThinkPHP/Common/functions.php:821) /var/www/Symfony/2tu.cc/ThinkPHP/Library/Think/View.class.php 第 93 行.
INFO: [ app_end ] --START--
INFO: Run Behavior\ShowPageTraceBehavior [ RunTime:0.000045s ]
INFO: [ app_end ] --END-- [ RunTime:0.000076s ]

[ 2015-03-11T16:47:35+08:00 ] 127.0.0.1 /index.php/home/detail?id=1
INFO: [ app_init ] --START--
INFO: Run Behavior\BuildLiteBehavior [ RunTime:0.000011s ]
INFO: [ app_init ] --END-- [ RunTime:0.000083s ]
INFO: [ app_begin ] --START--
INFO: Run Behavior\ReadHtmlCacheBehavior [ RunTime:0.000053s ]
INFO: [ app_begin ] --END-- [ RunTime:0.000094s ]
SQL: SHOW COLUMNS FROM `movie` [ RunTime:0.0007s ]
SQL: SELECT * FROM `movie` WHERE ( id=1 )  [ RunTime:0.0001s ]
SQL: SHOW COLUMNS FROM `movie_actor` [ RunTime:0.0005s ]
SQL: SELECT * FROM `movie_actor` INNER JOIN actor on actor.id = movie_actor.actor_id  WHERE ( movie_id=1 )  [ RunTime:0.0001s ]
INFO: [ view_parse ] --START--
INFO: [ template_filter ] --START--
INFO: Run Behavior\ContentReplaceBehavior [ RunTime:0.000063s ]
INFO: [ template_filter ] --END-- [ RunTime:0.000115s ]
INFO: Run Behavior\ParseTemplateBehavior [ RunTime:0.007799s ]
INFO: [ view_parse ] --END-- [ RunTime:0.007861s ]
INFO: [ view_filter ] --START--
INFO: Run Behavior\WriteHtmlCacheBehavior [ RunTime:0.000053s ]
INFO: [ view_filter ] --END-- [ RunTime:0.000084s ]
NOTIC: [2] Cannot modify header information - headers already sent by (output started at /var/www/Symfony/2tu.cc/ThinkPHP/Common/functions.php:821) /var/www/Symfony/2tu.cc/ThinkPHP/Library/Think/View.class.php 第 91 行.
NOTIC: [2] Cannot modify header information - headers already sent by (output started at /var/www/Symfony/2tu.cc/ThinkPHP/Common/functions.php:821) /var/www/Symfony/2tu.cc/ThinkPHP/Library/Think/View.class.php 第 92 行.
NOTIC: [2] Cannot modify header information - headers already sent by (output started at /var/www/Symfony/2tu.cc/ThinkPHP/Common/functions.php:821) /var/www/Symfony/2tu.cc/ThinkPHP/Library/Think/View.class.php 第 93 行.
INFO: [ app_end ] --START--
INFO: Run Behavior\ShowPageTraceBehavior [ RunTime:0.000060s ]
INFO: [ app_end ] --END-- [ RunTime:0.000108s ]

[ 2015-03-11T16:47:52+08:00 ] 127.0.0.1 /index.php/home/detail?id=1
INFO: [ app_init ] --START--
INFO: Run Behavior\BuildLiteBehavior [ RunTime:0.000012s ]
INFO: [ app_init ] --END-- [ RunTime:0.000093s ]
INFO: [ app_begin ] --START--
INFO: Run Behavior\ReadHtmlCacheBehavior [ RunTime:0.000085s ]
INFO: [ app_begin ] --END-- [ RunTime:0.000139s ]
SQL: SHOW COLUMNS FROM `movie` [ RunTime:0.0008s ]
SQL: SELECT * FROM `movie` WHERE ( id=1 )  [ RunTime:0.0001s ]
SQL: SHOW COLUMNS FROM `movie_actor` [ RunTime:0.0007s ]
SQL: SELECT * FROM `movie_actor` INNER JOIN actor on actor.id = movie_actor.actor_id  WHERE ( movie_id=1 )  [ RunTime:0.0003s ]
INFO: [ view_parse ] --START--
INFO: [ template_filter ] --START--
INFO: Run Behavior\ContentReplaceBehavior [ RunTime:0.000071s ]
INFO: [ template_filter ] --END-- [ RunTime:0.000140s ]
INFO: Run Behavior\ParseTemplateBehavior [ RunTime:0.021235s ]
INFO: [ view_parse ] --END-- [ RunTime:0.021324s ]
INFO: [ view_filter ] --START--
INFO: Run Behavior\WriteHtmlCacheBehavior [ RunTime:0.000085s ]
INFO: [ view_filter ] --END-- [ RunTime:0.000134s ]
NOTIC: [2] Cannot modify header information - headers already sent by (output started at /var/www/Symfony/2tu.cc/ThinkPHP/Common/functions.php:821) /var/www/Symfony/2tu.cc/ThinkPHP/Library/Think/View.class.php 第 91 行.
NOTIC: [2] Cannot modify header information - headers already sent by (output started at /var/www/Symfony/2tu.cc/ThinkPHP/Common/functions.php:821) /var/www/Symfony/2tu.cc/ThinkPHP/Library/Think/View.class.php 第 92 行.
NOTIC: [2] Cannot modify header information - headers already sent by (output started at /var/www/Symfony/2tu.cc/ThinkPHP/Common/functions.php:821) /var/www/Symfony/2tu.cc/ThinkPHP/Library/Think/View.class.php 第 93 行.
INFO: [ app_end ] --START--
INFO: Run Behavior\ShowPageTraceBehavior [ RunTime:0.000093s ]
INFO: [ app_end ] --END-- [ RunTime:0.000147s ]

[ 2015-03-11T16:49:05+08:00 ] 127.0.0.1 /index.php/home/detail?id=1
INFO: [ app_init ] --START--
INFO: Run Behavior\BuildLiteBehavior [ RunTime:0.000025s ]
INFO: [ app_init ] --END-- [ RunTime:0.000194s ]
INFO: [ app_begin ] --START--
INFO: Run Behavior\ReadHtmlCacheBehavior [ RunTime:0.000107s ]
INFO: [ app_begin ] --END-- [ RunTime:0.000199s ]
SQL: SHOW COLUMNS FROM `movie` [ RunTime:0.0008s ]
SQL: SELECT * FROM `movie` WHERE ( id=1 )  [ RunTime:0.0002s ]
SQL: SHOW COLUMNS FROM `movie_actor` [ RunTime:0.0005s ]
SQL: SELECT * FROM `movie_actor` INNER JOIN actor on actor.id = movie_actor.actor_id  WHERE ( movie_id=1 )  [ RunTime:0.0001s ]
INFO: [ view_parse ] --START--
INFO: [ template_filter ] --START--
INFO: Run Behavior\ContentReplaceBehavior [ RunTime:0.000070s ]
INFO: [ template_filter ] --END-- [ RunTime:0.000126s ]
INFO: Run Behavior\ParseTemplateBehavior [ RunTime:0.009269s ]
INFO: [ view_parse ] --END-- [ RunTime:0.009340s ]
INFO: [ view_filter ] --START--
INFO: Run Behavior\WriteHtmlCacheBehavior [ RunTime:0.000077s ]
INFO: [ view_filter ] --END-- [ RunTime:0.000115s ]
NOTIC: [2] Cannot modify header information - headers already sent by (output started at /var/www/Symfony/2tu.cc/ThinkPHP/Common/functions.php:821) /var/www/Symfony/2tu.cc/ThinkPHP/Library/Think/View.class.php 第 91 行.
NOTIC: [2] Cannot modify header information - headers already sent by (output started at /var/www/Symfony/2tu.cc/ThinkPHP/Common/functions.php:821) /var/www/Symfony/2tu.cc/ThinkPHP/Library/Think/View.class.php 第 92 行.
NOTIC: [2] Cannot modify header information - headers already sent by (output started at /var/www/Symfony/2tu.cc/ThinkPHP/Common/functions.php:821) /var/www/Symfony/2tu.cc/ThinkPHP/Library/Think/View.class.php 第 93 行.
INFO: [ app_end ] --START--
INFO: Run Behavior\ShowPageTraceBehavior [ RunTime:0.000083s ]
INFO: [ app_end ] --END-- [ RunTime:0.000141s ]

[ 2015-03-11T16:52:35+08:00 ] 127.0.0.1 /index.php/home/detail?id=1
INFO: [ app_init ] --START--
INFO: Run Behavior\BuildLiteBehavior [ RunTime:0.000022s ]
INFO: [ app_init ] --END-- [ RunTime:0.000159s ]
INFO: [ app_begin ] --START--
INFO: Run Behavior\ReadHtmlCacheBehavior [ RunTime:0.000073s ]
INFO: [ app_begin ] --END-- [ RunTime:0.000129s ]
SQL: SHOW COLUMNS FROM `movie` [ RunTime:0.0009s ]
SQL: SELECT * FROM `movie` WHERE ( id=1 )  [ RunTime:0.0001s ]
SQL: SHOW COLUMNS FROM `movie_actor` [ RunTime:0.0003s ]
SQL: SELECT * FROM `movie_actor` INNER JOIN actor on actor.id = movie_actor.actor_id  WHERE ( movie_id=1 )  [ RunTime:0.0001s ]
INFO: [ view_parse ] --START--
INFO: [ template_filter ] --START--
INFO: Run Behavior\ContentReplaceBehavior [ RunTime:0.000073s ]
INFO: [ template_filter ] --END-- [ RunTime:0.000127s ]
INFO: Run Behavior\ParseTemplateBehavior [ RunTime:0.020789s ]
INFO: [ view_parse ] --END-- [ RunTime:0.020859s ]
INFO: [ view_filter ] --START--
INFO: Run Behavior\WriteHtmlCacheBehavior [ RunTime:0.000082s ]
INFO: [ view_filter ] --END-- [ RunTime:0.000123s ]
NOTIC: [2] Cannot modify header information - headers already sent by (output started at /var/www/Symfony/2tu.cc/ThinkPHP/Common/functions.php:821) /var/www/Symfony/2tu.cc/ThinkPHP/Library/Think/View.class.php 第 91 行.
NOTIC: [2] Cannot modify header information - headers already sent by (output started at /var/www/Symfony/2tu.cc/ThinkPHP/Common/functions.php:821) /var/www/Symfony/2tu.cc/ThinkPHP/Library/Think/View.class.php 第 92 行.
NOTIC: [2] Cannot modify header information - headers already sent by (output started at /var/www/Symfony/2tu.cc/ThinkPHP/Common/functions.php:821) /var/www/Symfony/2tu.cc/ThinkPHP/Library/Think/View.class.php 第 93 行.
INFO: [ app_end ] --START--
INFO: Run Behavior\ShowPageTraceBehavior [ RunTime:0.000066s ]
INFO: [ app_end ] --END-- [ RunTime:0.000112s ]

[ 2015-03-11T16:52:49+08:00 ] 127.0.0.1 /index.php/home/detail?id=1
INFO: [ app_init ] --START--
INFO: Run Behavior\BuildLiteBehavior [ RunTime:0.000031s ]
INFO: [ app_init ] --END-- [ RunTime:0.000211s ]
INFO: [ app_begin ] --START--
INFO: Run Behavior\ReadHtmlCacheBehavior [ RunTime:0.000098s ]
INFO: [ app_begin ] --END-- [ RunTime:0.000199s ]
SQL: SHOW COLUMNS FROM `movie` [ RunTime:0.0014s ]
SQL: SELECT * FROM `movie` WHERE ( id=1 )  [ RunTime:0.0001s ]
SQL: SHOW COLUMNS FROM `movie_actor` [ RunTime:0.0005s ]
SQL: SELECT * FROM `movie_actor` INNER JOIN actor on actor.id = movie_actor.actor_id  WHERE ( movie_id=1 )  [ RunTime:0.0001s ]
INFO: [ view_parse ] --START--
INFO: [ template_filter ] --START--
INFO: Run Behavior\ContentReplaceBehavior [ RunTime:0.000054s ]
INFO: [ template_filter ] --END-- [ RunTime:0.000105s ]
INFO: Run Behavior\ParseTemplateBehavior [ RunTime:0.007994s ]
INFO: [ view_parse ] --END-- [ RunTime:0.008035s ]
INFO: [ view_filter ] --START--
INFO: Run Behavior\WriteHtmlCacheBehavior [ RunTime:0.000049s ]
INFO: [ view_filter ] --END-- [ RunTime:0.000080s ]
NOTIC: [2] Cannot modify header information - headers already sent by (output started at /var/www/Symfony/2tu.cc/ThinkPHP/Common/functions.php:821) /var/www/Symfony/2tu.cc/ThinkPHP/Library/Think/View.class.php 第 91 行.
NOTIC: [2] Cannot modify header information - headers already sent by (output started at /var/www/Symfony/2tu.cc/ThinkPHP/Common/functions.php:821) /var/www/Symfony/2tu.cc/ThinkPHP/Library/Think/View.class.php 第 92 行.
NOTIC: [2] Cannot modify header information - headers already sent by (output started at /var/www/Symfony/2tu.cc/ThinkPHP/Common/functions.php:821) /var/www/Symfony/2tu.cc/ThinkPHP/Library/Think/View.class.php 第 93 行.
INFO: [ app_end ] --START--
INFO: Run Behavior\ShowPageTraceBehavior [ RunTime:0.000042s ]
INFO: [ app_end ] --END-- [ RunTime:0.000074s ]

[ 2015-03-11T16:58:55+08:00 ] 127.0.0.1 /index.php/home/detail?id=1
INFO: [ app_init ] --START--
INFO: Run Behavior\BuildLiteBehavior [ RunTime:0.000036s ]
INFO: [ app_init ] --END-- [ RunTime:0.000263s ]
INFO: [ app_begin ] --START--
INFO: Run Behavior\ReadHtmlCacheBehavior [ RunTime:0.000100s ]
INFO: [ app_begin ] --END-- [ RunTime:0.000186s ]
SQL: SHOW COLUMNS FROM `movie` [ RunTime:0.0009s ]
SQL: SELECT * FROM `movie` WHERE ( id=1 )  [ RunTime:0.0001s ]
SQL: SHOW COLUMNS FROM `movie_actor` [ RunTime:0.0006s ]
SQL: SELECT * FROM `movie_actor` INNER JOIN actor on actor.id = movie_actor.actor_id  WHERE ( movie_id=1 )  [ RunTime:0.0001s ]
INFO: [ view_parse ] --START--
INFO: [ template_filter ] --START--
INFO: Run Behavior\ContentReplaceBehavior [ RunTime:0.000060s ]
INFO: [ template_filter ] --END-- [ RunTime:0.000112s ]
NOTIC: [8] Undefined index: storyline  /var/www/Symfony/2tu.cc/Application/Runtime/Cache/Home/0d75cb75cd30b13fdd4834afd69acb19.php 第 136 行.
INFO: Run Behavior\ParseTemplateBehavior [ RunTime:0.007170s ]
INFO: [ view_parse ] --END-- [ RunTime:0.007229s ]
INFO: [ view_filter ] --START--
INFO: Run Behavior\WriteHtmlCacheBehavior [ RunTime:0.000057s ]
INFO: [ view_filter ] --END-- [ RunTime:0.000087s ]
NOTIC: [2] Cannot modify header information - headers already sent by (output started at /var/www/Symfony/2tu.cc/ThinkPHP/Common/functions.php:821) /var/www/Symfony/2tu.cc/ThinkPHP/Library/Think/View.class.php 第 91 行.
NOTIC: [2] Cannot modify header information - headers already sent by (output started at /var/www/Symfony/2tu.cc/ThinkPHP/Common/functions.php:821) /var/www/Symfony/2tu.cc/ThinkPHP/Library/Think/View.class.php 第 92 行.
NOTIC: [2] Cannot modify header information - headers already sent by (output started at /var/www/Symfony/2tu.cc/ThinkPHP/Common/functions.php:821) /var/www/Symfony/2tu.cc/ThinkPHP/Library/Think/View.class.php 第 93 行.
INFO: [ app_end ] --START--
INFO: Run Behavior\ShowPageTraceBehavior [ RunTime:0.000058s ]
INFO: [ app_end ] --END-- [ RunTime:0.000096s ]

[ 2015-03-11T16:59:19+08:00 ] 127.0.0.1 /index.php/home/detail?id=1
INFO: [ app_init ] --START--
INFO: Run Behavior\BuildLiteBehavior [ RunTime:0.000022s ]
INFO: [ app_init ] --END-- [ RunTime:0.000147s ]
INFO: [ app_begin ] --START--
INFO: Run Behavior\ReadHtmlCacheBehavior [ RunTime:0.000074s ]
INFO: [ app_begin ] --END-- [ RunTime:0.000141s ]
SQL: SHOW COLUMNS FROM `movie` [ RunTime:0.0132s ]
SQL: SELECT * FROM `movie` WHERE ( id=1 )  [ RunTime:0.0001s ]
SQL: SHOW COLUMNS FROM `movie_actor` [ RunTime:0.0004s ]
SQL: SELECT * FROM `movie_actor` INNER JOIN actor on actor.id = movie_actor.actor_id  WHERE ( movie_id=1 )  [ RunTime:0.0000s ]
INFO: [ view_parse ] --START--
INFO: [ template_filter ] --START--
INFO: Run Behavior\ContentReplaceBehavior [ RunTime:0.000074s ]
INFO: [ template_filter ] --END-- [ RunTime:0.000143s ]
NOTIC: [8] Undefined index: storyline  /var/www/Symfony/2tu.cc/Application/Runtime/Cache/Home/0d75cb75cd30b13fdd4834afd69acb19.php 第 136 行.
INFO: Run Behavior\ParseTemplateBehavior [ RunTime:0.006018s ]
INFO: [ view_parse ] --END-- [ RunTime:0.006072s ]
INFO: [ view_filter ] --START--
INFO: Run Behavior\WriteHtmlCacheBehavior [ RunTime:0.000071s ]
INFO: [ view_filter ] --END-- [ RunTime:0.000121s ]
NOTIC: [2] Cannot modify header information - headers already sent by (output started at /var/www/Symfony/2tu.cc/ThinkPHP/Common/functions.php:821) /var/www/Symfony/2tu.cc/ThinkPHP/Library/Think/View.class.php 第 91 行.
NOTIC: [2] Cannot modify header information - headers already sent by (output started at /var/www/Symfony/2tu.cc/ThinkPHP/Common/functions.php:821) /var/www/Symfony/2tu.cc/ThinkPHP/Library/Think/View.class.php 第 92 行.
NOTIC: [2] Cannot modify header information - headers already sent by (output started at /var/www/Symfony/2tu.cc/ThinkPHP/Common/functions.php:821) /var/www/Symfony/2tu.cc/ThinkPHP/Library/Think/View.class.php 第 93 行.
INFO: [ app_end ] --START--
INFO: Run Behavior\ShowPageTraceBehavior [ RunTime:0.000064s ]
INFO: [ app_end ] --END-- [ RunTime:0.000114s ]

[ 2015-03-11T17:01:39+08:00 ] 127.0.0.1 /index.php/home/detail?id=1
INFO: [ app_init ] --START--
INFO: Run Behavior\BuildLiteBehavior [ RunTime:0.000038s ]
INFO: [ app_init ] --END-- [ RunTime:0.000236s ]
INFO: [ app_begin ] --START--
INFO: Run Behavior\ReadHtmlCacheBehavior [ RunTime:0.000094s ]
INFO: [ app_begin ] --END-- [ RunTime:0.000173s ]
SQL: SHOW COLUMNS FROM `movie` [ RunTime:0.0008s ]
SQL: SELECT * FROM `movie` WHERE ( id=1 )  [ RunTime:0.0001s ]
SQL: SHOW COLUMNS FROM `movie_actor` [ RunTime:0.0004s ]
SQL: SELECT * FROM `movie_actor` INNER JOIN actor on actor.id = movie_actor.actor_id  WHERE ( movie_id=1 )  [ RunTime:0.0000s ]
INFO: [ view_parse ] --START--
INFO: [ template_filter ] --START--
INFO: Run Behavior\ContentReplaceBehavior [ RunTime:0.000099s ]
INFO: [ template_filter ] --END-- [ RunTime:0.000183s ]
INFO: Run Behavior\ParseTemplateBehavior [ RunTime:0.009536s ]
INFO: [ view_parse ] --END-- [ RunTime:0.009609s ]
INFO: [ view_filter ] --START--
INFO: Run Behavior\WriteHtmlCacheBehavior [ RunTime:0.000086s ]
INFO: [ view_filter ] --END-- [ RunTime:0.000156s ]
NOTIC: [2] Cannot modify header information - headers already sent by (output started at /var/www/Symfony/2tu.cc/ThinkPHP/Common/functions.php:821) /var/www/Symfony/2tu.cc/ThinkPHP/Library/Think/View.class.php 第 91 行.
NOTIC: [2] Cannot modify header information - headers already sent by (output started at /var/www/Symfony/2tu.cc/ThinkPHP/Common/functions.php:821) /var/www/Symfony/2tu.cc/ThinkPHP/Library/Think/View.class.php 第 92 行.
NOTIC: [2] Cannot modify header information - headers already sent by (output started at /var/www/Symfony/2tu.cc/ThinkPHP/Common/functions.php:821) /var/www/Symfony/2tu.cc/ThinkPHP/Library/Think/View.class.php 第 93 行.
INFO: [ app_end ] --START--
INFO: Run Behavior\ShowPageTraceBehavior [ RunTime:0.000092s ]
INFO: [ app_end ] --END-- [ RunTime:0.000159s ]

[ 2015-03-11T17:01:57+08:00 ] 127.0.0.1 /index.php/home/detail?id=1
INFO: [ app_init ] --START--
INFO: Run Behavior\BuildLiteBehavior [ RunTime:0.000020s ]
INFO: [ app_init ] --END-- [ RunTime:0.000152s ]
INFO: [ app_begin ] --START--
INFO: Run Behavior\ReadHtmlCacheBehavior [ RunTime:0.000124s ]
INFO: [ app_begin ] --END-- [ RunTime:0.000228s ]
SQL: SHOW COLUMNS FROM `movie` [ RunTime:0.0010s ]
SQL: SELECT * FROM `movie` WHERE ( id=1 )  [ RunTime:0.0001s ]
SQL: SHOW COLUMNS FROM `movie_actor` [ RunTime:0.0007s ]
SQL: SELECT * FROM `movie_actor` INNER JOIN actor on actor.id = movie_actor.actor_id  WHERE ( movie_id=1 )  [ RunTime:0.0002s ]
INFO: [ view_parse ] --START--
INFO: [ template_filter ] --START--
INFO: Run Behavior\ContentReplaceBehavior [ RunTime:0.000082s ]
INFO: [ template_filter ] --END-- [ RunTime:0.000227s ]
INFO: Run Behavior\ParseTemplateBehavior [ RunTime:0.010038s ]
INFO: [ view_parse ] --END-- [ RunTime:0.010107s ]
INFO: [ view_filter ] --START--
INFO: Run Behavior\WriteHtmlCacheBehavior [ RunTime:0.000052s ]
INFO: [ view_filter ] --END-- [ RunTime:0.000082s ]
NOTIC: [2] Cannot modify header information - headers already sent by (output started at /var/www/Symfony/2tu.cc/ThinkPHP/Common/functions.php:821) /var/www/Symfony/2tu.cc/ThinkPHP/Library/Think/View.class.php 第 91 行.
NOTIC: [2] Cannot modify header information - headers already sent by (output started at /var/www/Symfony/2tu.cc/ThinkPHP/Common/functions.php:821) /var/www/Symfony/2tu.cc/ThinkPHP/Library/Think/View.class.php 第 92 行.
NOTIC: [2] Cannot modify header information - headers already sent by (output started at /var/www/Symfony/2tu.cc/ThinkPHP/Common/functions.php:821) /var/www/Symfony/2tu.cc/ThinkPHP/Library/Think/View.class.php 第 93 行.
INFO: [ app_end ] --START--
INFO: Run Behavior\ShowPageTraceBehavior [ RunTime:0.000053s ]
INFO: [ app_end ] --END-- [ RunTime:0.000086s ]

[ 2015-03-11T17:04:44+08:00 ] 127.0.0.1 /index.php/home/detail?id=1
INFO: [ app_init ] --START--
INFO: Run Behavior\BuildLiteBehavior [ RunTime:0.000029s ]
INFO: [ app_init ] --END-- [ RunTime:0.000226s ]
INFO: [ app_begin ] --START--
INFO: Run Behavior\ReadHtmlCacheBehavior [ RunTime:0.000081s ]
INFO: [ app_begin ] --END-- [ RunTime:0.000143s ]
SQL: SHOW COLUMNS FROM `movie` [ RunTime:0.0009s ]
SQL: SELECT * FROM `movie` WHERE ( id=1 )  [ RunTime:0.0001s ]
SQL: SHOW COLUMNS FROM `movie_actor` [ RunTime:0.0005s ]
SQL: SELECT * FROM `movie_actor` INNER JOIN actor on actor.id = movie_actor.actor_id  WHERE ( movie_id=1 )  [ RunTime:0.0001s ]
INFO: [ view_parse ] --START--
INFO: [ template_filter ] --START--
INFO: Run Behavior\ContentReplaceBehavior [ RunTime:0.000084s ]
INFO: [ template_filter ] --END-- [ RunTime:0.000156s ]
INFO: Run Behavior\ParseTemplateBehavior [ RunTime:0.008455s ]
INFO: [ view_parse ] --END-- [ RunTime:0.008531s ]
INFO: [ view_filter ] --START--
INFO: Run Behavior\WriteHtmlCacheBehavior [ RunTime:0.000072s ]
INFO: [ view_filter ] --END-- [ RunTime:0.000121s ]
NOTIC: [2] Cannot modify header information - headers already sent by (output started at /var/www/Symfony/2tu.cc/ThinkPHP/Common/functions.php:821) /var/www/Symfony/2tu.cc/ThinkPHP/Library/Think/View.class.php 第 91 行.
NOTIC: [2] Cannot modify header information - headers already sent by (output started at /var/www/Symfony/2tu.cc/ThinkPHP/Common/functions.php:821) /var/www/Symfony/2tu.cc/ThinkPHP/Library/Think/View.class.php 第 92 行.
NOTIC: [2] Cannot modify header information - headers already sent by (output started at /var/www/Symfony/2tu.cc/ThinkPHP/Common/functions.php:821) /var/www/Symfony/2tu.cc/ThinkPHP/Library/Think/View.class.php 第 93 行.
INFO: [ app_end ] --START--
INFO: Run Behavior\ShowPageTraceBehavior [ RunTime:0.000111s ]
INFO: [ app_end ] --END-- [ RunTime:0.000192s ]

[ 2015-03-11T17:05:02+08:00 ] 127.0.0.1 /index.php/home/detail?id=1
INFO: [ app_init ] --START--
INFO: Run Behavior\BuildLiteBehavior [ RunTime:0.000011s ]
INFO: [ app_init ] --END-- [ RunTime:0.000076s ]
INFO: [ app_begin ] --START--
INFO: Run Behavior\ReadHtmlCacheBehavior [ RunTime:0.000034s ]
INFO: [ app_begin ] --END-- [ RunTime:0.000069s ]
SQL: SHOW COLUMNS FROM `movie` [ RunTime:0.0006s ]
SQL: SELECT * FROM `movie` WHERE ( id=1 )  [ RunTime:0.0001s ]
SQL: SHOW COLUMNS FROM `movie_actor` [ RunTime:0.0004s ]
SQL: SELECT * FROM `movie_actor` INNER JOIN actor on actor.id = movie_actor.actor_id  WHERE ( movie_id=1 )  [ RunTime:0.0001s ]
INFO: [ view_parse ] --START--
INFO: [ template_filter ] --START--
INFO: Run Behavior\ContentReplaceBehavior [ RunTime:0.000084s ]
INFO: [ template_filter ] --END-- [ RunTime:0.000163s ]
INFO: Run Behavior\ParseTemplateBehavior [ RunTime:0.006998s ]
INFO: [ view_parse ] --END-- [ RunTime:0.007060s ]
INFO: [ view_filter ] --START--
INFO: Run Behavior\WriteHtmlCacheBehavior [ RunTime:0.000062s ]
INFO: [ view_filter ] --END-- [ RunTime:0.000105s ]
NOTIC: [2] Cannot modify header information - headers already sent by (output started at /var/www/Symfony/2tu.cc/ThinkPHP/Common/functions.php:821) /var/www/Symfony/2tu.cc/ThinkPHP/Library/Think/View.class.php 第 91 行.
NOTIC: [2] Cannot modify header information - headers already sent by (output started at /var/www/Symfony/2tu.cc/ThinkPHP/Common/functions.php:821) /var/www/Symfony/2tu.cc/ThinkPHP/Library/Think/View.class.php 第 92 行.
NOTIC: [2] Cannot modify header information - headers already sent by (output started at /var/www/Symfony/2tu.cc/ThinkPHP/Common/functions.php:821) /var/www/Symfony/2tu.cc/ThinkPHP/Library/Think/View.class.php 第 93 行.
INFO: [ app_end ] --START--
INFO: Run Behavior\ShowPageTraceBehavior [ RunTime:0.000043s ]
INFO: [ app_end ] --END-- [ RunTime:0.000079s ]

[ 2015-03-11T17:05:13+08:00 ] 127.0.0.1 /index.php/home/detail?id=1
INFO: [ app_init ] --START--
INFO: Run Behavior\BuildLiteBehavior [ RunTime:0.000014s ]
INFO: [ app_init ] --END-- [ RunTime:0.000101s ]
INFO: [ app_begin ] --START--
INFO: Run Behavior\ReadHtmlCacheBehavior [ RunTime:0.000042s ]
INFO: [ app_begin ] --END-- [ RunTime:0.000081s ]
SQL: SHOW COLUMNS FROM `movie` [ RunTime:0.0010s ]
SQL: SELECT * FROM `movie` WHERE ( id=1 )  [ RunTime:0.0001s ]
SQL: SHOW COLUMNS FROM `movie_actor` [ RunTime:0.0005s ]
SQL: SELECT * FROM `movie_actor` INNER JOIN actor on actor.id = movie_actor.actor_id  WHERE ( movie_id=1 )  [ RunTime:0.0001s ]
INFO: [ view_parse ] --START--
INFO: [ template_filter ] --START--
INFO: Run Behavior\ContentReplaceBehavior [ RunTime:0.000060s ]
INFO: [ template_filter ] --END-- [ RunTime:0.000120s ]
INFO: Run Behavior\ParseTemplateBehavior [ RunTime:0.008906s ]
INFO: [ view_parse ] --END-- [ RunTime:0.008970s ]
INFO: [ view_filter ] --START--
INFO: Run Behavior\WriteHtmlCacheBehavior [ RunTime:0.000058s ]
INFO: [ view_filter ] --END-- [ RunTime:0.000094s ]
NOTIC: [2] Cannot modify header information - headers already sent by (output started at /var/www/Symfony/2tu.cc/ThinkPHP/Common/functions.php:821) /var/www/Symfony/2tu.cc/ThinkPHP/Library/Think/View.class.php 第 91 行.
NOTIC: [2] Cannot modify header information - headers already sent by (output started at /var/www/Symfony/2tu.cc/ThinkPHP/Common/functions.php:821) /var/www/Symfony/2tu.cc/ThinkPHP/Library/Think/View.class.php 第 92 行.
NOTIC: [2] Cannot modify header information - headers already sent by (output started at /var/www/Symfony/2tu.cc/ThinkPHP/Common/functions.php:821) /var/www/Symfony/2tu.cc/ThinkPHP/Library/Think/View.class.php 第 93 行.
INFO: [ app_end ] --START--
INFO: Run Behavior\ShowPageTraceBehavior [ RunTime:0.000063s ]
INFO: [ app_end ] --END-- [ RunTime:0.000109s ]

