[ 2015-03-11T12:09:02+08:00 ] 127.0.0.1 /gen204?invalidResponse=q=https%3A%2F%2Ftranslate.googleapis.com%2Ftranslate_a%2Fsingle%3Fclient%3Dgtx%26sl%3Dauto%26tl%3Dzh-CN%26hl%3Dzh-CN%26dt%3Dt%26dt%3Dbd%26dj%3D1%26source%3Dbubble%26q%3DBase%2520table%2520or%2520view%2520not%2520found%253A%25201146%2520Tabl,ql=176,r=,rl=0
INFO: [ app_init ] --START--
INFO: Run Behavior\BuildLiteBehavior [ RunTime:0.000018s ]
INFO: [ app_init ] --END-- [ RunTime:0.000129s ]
ERR: 无法加载模块:Gen204

[ 2015-03-11T12:09:05+08:00 ] 127.0.0.1 /gen204?invalidResponse=q=https%3A%2F%2Ftranslate.googleapis.com%2Ftranslate_a%2Fsingle%3Fclient%3Dgtx%26sl%3Dauto%26tl%3Dzh-CN%26hl%3Dzh-CN%26dt%3Dt%26dt%3Dbd%26dj%3D1%26source%3Dbubble%26q%3Diew%2520not%2520found%253A%25201146%2520Table,ql=156,r=,rl=0
INFO: [ app_init ] --START--
INFO: Run Behavior\BuildLiteBehavior [ RunTime:0.000012s ]
INFO: [ app_init ] --END-- [ RunTime:0.000083s ]
ERR: 无法加载模块:Gen204

[ 2015-03-11T12:09:08+08:00 ] 127.0.0.1 /gen204?invalidResponse=q=https%3A%2F%2Ftranslate.googleapis.com%2Ftranslate_a%2Fsingle%3Fclient%3Dgtx%26sl%3Dauto%26tl%3Dzh-CN%26hl%3Dzh-CN%26dt%3Dt%26dt%3Dbd%26dj%3D1%26source%3Dbubble%26q%3DBase%2520table%2520or%2520view%2520not%2520found,ql=159,r=,rl=0
INFO: [ app_init ] --START--
INFO: Run Behavior\BuildLiteBehavior [ RunTime:0.000018s ]
INFO: [ app_init ] --END-- [ RunTime:0.000132s ]
ERR: 无法加载模块:Gen204

[ 2015-03-11T15:35:07+08:00 ] 127.0.0.1 /favicon.ico
INFO: [ app_init ] --START--
INFO: Run Behavior\BuildLiteBehavior [ RunTime:0.000017s ]
INFO: [ app_init ] --END-- [ RunTime:0.000115s ]
ERR: 无法加载模块:Favicon

[ 2015-03-11T15:35:08+08:00 ] 127.0.0.1 /favicon.ico
INFO: [ app_init ] --START--
INFO: Run Behavior\BuildLiteBehavior [ RunTime:0.000012s ]
INFO: [ app_init ] --END-- [ RunTime:0.000086s ]
ERR: 无法加载模块:Favicon

[ 2015-03-11T16:19:21+08:00 ] 127.0.0.1 /mbg.jpg
INFO: [ app_init ] --START--
INFO: Run Behavior\BuildLiteBehavior [ RunTime:0.000051s ]
INFO: [ app_init ] --END-- [ RunTime:0.000349s ]
ERR: 无法加载模块:Mbg

[ 2015-03-11T16:19:21+08:00 ] 127.0.0.1 /Application/Home/Public/Css/play-img.png
INFO: [ app_init ] --START--
INFO: Run Behavior\BuildLiteBehavior [ RunTime:0.000014s ]
INFO: [ app_init ] --END-- [ RunTime:0.000091s ]
ERR: 无法加载模块:Application

[ 2015-03-11T16:19:21+08:00 ] 127.0.0.1 /Application/Home/Public/Css/lazyload.gif
INFO: [ app_init ] --START--
INFO: Run Behavior\BuildLiteBehavior [ RunTime:0.000015s ]
INFO: [ app_init ] --END-- [ RunTime:0.000108s ]
ERR: 无法加载模块:Application

[ 2015-03-11T16:19:21+08:00 ] 127.0.0.1 /Application/Home/Public/Css/g.gif
INFO: [ app_init ] --START--
INFO: Run Behavior\BuildLiteBehavior [ RunTime:0.000018s ]
INFO: [ app_init ] --END-- [ RunTime:0.000109s ]
ERR: 无法加载模块:Application

[ 2015-03-11T16:28:52+08:00 ] 127.0.0.1 /mbg.jpg
INFO: [ app_init ] --START--
INFO: Run Behavior\BuildLiteBehavior [ RunTime:0.000015s ]
INFO: [ app_init ] --END-- [ RunTime:0.000103s ]
ERR: 无法加载模块:Mbg

[ 2015-03-11T16:28:52+08:00 ] 127.0.0.1 /Application/Home/Public/Css/lazyload.gif
INFO: [ app_init ] --START--
INFO: Run Behavior\BuildLiteBehavior [ RunTime:0.000015s ]
INFO: [ app_init ] --END-- [ RunTime:0.000106s ]
ERR: 无法加载模块:Application

[ 2015-03-11T16:28:52+08:00 ] 127.0.0.1 /Application/Home/Public/Css/play-img.png
INFO: [ app_init ] --START--
INFO: Run Behavior\BuildLiteBehavior [ RunTime:0.000015s ]
INFO: [ app_init ] --END-- [ RunTime:0.000106s ]
ERR: 无法加载模块:Application

[ 2015-03-11T16:28:52+08:00 ] 127.0.0.1 /Application/Home/Public/Css/g.gif
INFO: [ app_init ] --START--
INFO: Run Behavior\BuildLiteBehavior [ RunTime:0.000014s ]
INFO: [ app_init ] --END-- [ RunTime:0.000107s ]
ERR: 无法加载模块:Application

[ 2015-03-11T16:28:59+08:00 ] 127.0.0.1 /mbg.jpg
INFO: [ app_init ] --START--
INFO: Run Behavior\BuildLiteBehavior [ RunTime:0.000027s ]
INFO: [ app_init ] --END-- [ RunTime:0.000184s ]
ERR: 无法加载模块:Mbg

[ 2015-03-11T16:28:59+08:00 ] 127.0.0.1 /Application/Home/Public/Css/play-img.png
INFO: [ app_init ] --START--
INFO: Run Behavior\BuildLiteBehavior [ RunTime:0.000022s ]
INFO: [ app_init ] --END-- [ RunTime:0.000166s ]
ERR: 无法加载模块:Application

[ 2015-03-11T16:28:59+08:00 ] 127.0.0.1 /Application/Home/Public/Css/g.gif
INFO: [ app_init ] --START--
INFO: Run Behavior\BuildLiteBehavior [ RunTime:0.000025s ]
INFO: [ app_init ] --END-- [ RunTime:0.000179s ]
ERR: 无法加载模块:Application

[ 2015-03-11T16:28:59+08:00 ] 127.0.0.1 /Application/Home/Public/Css/lazyload.gif
INFO: [ app_init ] --START--
INFO: Run Behavior\BuildLiteBehavior [ RunTime:0.000018s ]
INFO: [ app_init ] --END-- [ RunTime:0.000118s ]
ERR: 无法加载模块:Application

[ 2015-03-11T16:29:41+08:00 ] 127.0.0.1 /mbg.jpg
INFO: [ app_init ] --START--
INFO: Run Behavior\BuildLiteBehavior [ RunTime:0.000016s ]
INFO: [ app_init ] --END-- [ RunTime:0.000110s ]
ERR: 无法加载模块:Mbg

[ 2015-03-11T16:29:41+08:00 ] 127.0.0.1 /Application/Home/Public/Css/lazyload.gif
INFO: [ app_init ] --START--
INFO: Run Behavior\BuildLiteBehavior [ RunTime:0.000015s ]
INFO: [ app_init ] --END-- [ RunTime:0.000103s ]
ERR: 无法加载模块:Application

[ 2015-03-11T16:29:41+08:00 ] 127.0.0.1 /Application/Home/Public/Css/play-img.png
INFO: [ app_init ] --START--
INFO: Run Behavior\BuildLiteBehavior [ RunTime:0.000033s ]
INFO: [ app_init ] --END-- [ RunTime:0.000227s ]
ERR: 无法加载模块:Application

[ 2015-03-11T16:29:41+08:00 ] 127.0.0.1 /Application/Home/Public/Css/g.gif
INFO: [ app_init ] --START--
INFO: Run Behavior\BuildLiteBehavior [ RunTime:0.000015s ]
INFO: [ app_init ] --END-- [ RunTime:0.000109s ]
ERR: 无法加载模块:Application

[ 2015-03-11T16:29:54+08:00 ] 127.0.0.1 /gen204?invalidResponse=q=https%3A%2F%2Ftranslate.googleapis.com%2Ftranslate_a%2Fsingle%3Fclient%3Dgtx%26sl%3Dauto%26tl%3Dzh-CN%26hl%3Dzh-CN%26dt%3Dt%26dt%3Dbd%26dj%3D1%26source%3Dbubble%26q%3Dreleasedate,ql=132,r=,rl=0
INFO: [ app_init ] --START--
INFO: Run Behavior\BuildLiteBehavior [ RunTime:0.000034s ]
INFO: [ app_init ] --END-- [ RunTime:0.000227s ]
ERR: 无法加载模块:Gen204

[ 2015-03-11T16:30:40+08:00 ] 127.0.0.1 /gen204?invalidResponse=q=https%3A%2F%2Ftranslate.googleapis.com%2Ftranslate_a%2Fsingle%3Fclient%3Dgtx%26sl%3Dauto%26tl%3Dzh-CN%26hl%3Dzh-CN%26dt%3Dt%26dt%3Dbd%26dj%3D1%26source%3Dbubble%26q%3Dstatus,ql=127,r=,rl=0
INFO: [ app_init ] --START--
INFO: Run Behavior\BuildLiteBehavior [ RunTime:0.000011s ]
INFO: [ app_init ] --END-- [ RunTime:0.000083s ]
ERR: 无法加载模块:Gen204

[ 2015-03-11T16:32:16+08:00 ] 127.0.0.1 /mbg.jpg
INFO: [ app_init ] --START--
INFO: Run Behavior\BuildLiteBehavior [ RunTime:0.000017s ]
INFO: [ app_init ] --END-- [ RunTime:0.000131s ]
ERR: 无法加载模块:Mbg

[ 2015-03-11T16:32:16+08:00 ] 127.0.0.1 /Application/Home/Public/Css/lazyload.gif
INFO: [ app_init ] --START--
INFO: Run Behavior\BuildLiteBehavior [ RunTime:0.000013s ]
INFO: [ app_init ] --END-- [ RunTime:0.000082s ]
ERR: 无法加载模块:Application

[ 2015-03-11T16:32:16+08:00 ] 127.0.0.1 /Application/Home/Public/Css/play-img.png
INFO: [ app_init ] --START--
INFO: Run Behavior\BuildLiteBehavior [ RunTime:0.000011s ]
INFO: [ app_init ] --END-- [ RunTime:0.000075s ]
ERR: 无法加载模块:Application

[ 2015-03-11T16:32:16+08:00 ] 127.0.0.1 /Application/Home/Public/Css/g.gif
INFO: [ app_init ] --START--
INFO: Run Behavior\BuildLiteBehavior [ RunTime:0.000015s ]
INFO: [ app_init ] --END-- [ RunTime:0.000105s ]
ERR: 无法加载模块:Application

[ 2015-03-11T16:45:33+08:00 ] 127.0.0.1 /mbg.jpg
INFO: [ app_init ] --START--
INFO: Run Behavior\BuildLiteBehavior [ RunTime:0.000023s ]
INFO: [ app_init ] --END-- [ RunTime:0.000168s ]
ERR: 无法加载模块:Mbg

[ 2015-03-11T16:45:33+08:00 ] 127.0.0.1 /Application/Home/Public/Css/g.gif
INFO: [ app_init ] --START--
INFO: Run Behavior\BuildLiteBehavior [ RunTime:0.000030s ]
INFO: [ app_init ] --END-- [ RunTime:0.000204s ]
ERR: 无法加载模块:Application

[ 2015-03-11T16:45:33+08:00 ] 127.0.0.1 /Application/Home/Public/Css/play-img.png
INFO: [ app_init ] --START--
INFO: Run Behavior\BuildLiteBehavior [ RunTime:0.000025s ]
INFO: [ app_init ] --END-- [ RunTime:0.000175s ]
ERR: 无法加载模块:Application

[ 2015-03-11T16:45:33+08:00 ] 127.0.0.1 /Application/Home/Public/Css/lazyload.gif
INFO: [ app_init ] --START--
INFO: Run Behavior\BuildLiteBehavior [ RunTime:0.000031s ]
INFO: [ app_init ] --END-- [ RunTime:0.000225s ]
ERR: 无法加载模块:Application

[ 2015-03-11T16:46:20+08:00 ] 127.0.0.1 /mbg.jpg
INFO: [ app_init ] --START--
INFO: Run Behavior\BuildLiteBehavior [ RunTime:0.000019s ]
INFO: [ app_init ] --END-- [ RunTime:0.000115s ]
ERR: 无法加载模块:Mbg

[ 2015-03-11T16:46:20+08:00 ] 127.0.0.1 /Application/Home/Public/Css/lazyload.gif
INFO: [ app_init ] --START--
INFO: Run Behavior\BuildLiteBehavior [ RunTime:0.000016s ]
INFO: [ app_init ] --END-- [ RunTime:0.000109s ]
ERR: 无法加载模块:Application

[ 2015-03-11T16:46:20+08:00 ] 127.0.0.1 /Application/Home/Public/Css/g.gif
INFO: [ app_init ] --START--
INFO: Run Behavior\BuildLiteBehavior [ RunTime:0.000018s ]
INFO: [ app_init ] --END-- [ RunTime:0.000114s ]
ERR: 无法加载模块:Application

[ 2015-03-11T16:46:20+08:00 ] 127.0.0.1 /Application/Home/Public/Css/play-img.png
INFO: [ app_init ] --START--
INFO: Run Behavior\BuildLiteBehavior [ RunTime:0.000019s ]
INFO: [ app_init ] --END-- [ RunTime:0.000137s ]
ERR: 无法加载模块:Application

[ 2015-03-11T16:46:57+08:00 ] 127.0.0.1 /mbg.jpg
INFO: [ app_init ] --START--
INFO: Run Behavior\BuildLiteBehavior [ RunTime:0.000015s ]
INFO: [ app_init ] --END-- [ RunTime:0.000110s ]
ERR: 无法加载模块:Mbg

[ 2015-03-11T16:46:57+08:00 ] 127.0.0.1 /Application/Home/Public/Css/play-img.png
INFO: [ app_init ] --START--
INFO: Run Behavior\BuildLiteBehavior [ RunTime:0.000019s ]
INFO: [ app_init ] --END-- [ RunTime:0.000116s ]
ERR: 无法加载模块:Application

[ 2015-03-11T16:46:57+08:00 ] 127.0.0.1 /Application/Home/Public/Css/lazyload.gif
INFO: [ app_init ] --START--
INFO: Run Behavior\BuildLiteBehavior [ RunTime:0.000028s ]
INFO: [ app_init ] --END-- [ RunTime:0.000221s ]
ERR: 无法加载模块:Application

[ 2015-03-11T16:46:57+08:00 ] 127.0.0.1 /Application/Home/Public/Css/g.gif
INFO: [ app_init ] --START--
INFO: Run Behavior\BuildLiteBehavior [ RunTime:0.000015s ]
INFO: [ app_init ] --END-- [ RunTime:0.000094s ]
ERR: 无法加载模块:Application

[ 2015-03-11T16:47:35+08:00 ] 127.0.0.1 /mbg.jpg
INFO: [ app_init ] --START--
INFO: Run Behavior\BuildLiteBehavior [ RunTime:0.000016s ]
INFO: [ app_init ] --END-- [ RunTime:0.000103s ]
ERR: 无法加载模块:Mbg

[ 2015-03-11T16:47:35+08:00 ] 127.0.0.1 /Application/Home/Public/Css/lazyload.gif
INFO: [ app_init ] --START--
INFO: Run Behavior\BuildLiteBehavior [ RunTime:0.000011s ]
INFO: [ app_init ] --END-- [ RunTime:0.000073s ]
ERR: 无法加载模块:Application

[ 2015-03-11T16:47:35+08:00 ] 127.0.0.1 /Application/Home/Public/Css/g.gif
INFO: [ app_init ] --START--
INFO: Run Behavior\BuildLiteBehavior [ RunTime:0.000019s ]
INFO: [ app_init ] --END-- [ RunTime:0.000124s ]
ERR: 无法加载模块:Application

[ 2015-03-11T16:47:35+08:00 ] 127.0.0.1 /Application/Home/Public/Css/play-img.png
INFO: [ app_init ] --START--
INFO: Run Behavior\BuildLiteBehavior [ RunTime:0.000026s ]
INFO: [ app_init ] --END-- [ RunTime:0.000199s ]
ERR: 无法加载模块:Application

[ 2015-03-11T16:47:52+08:00 ] 127.0.0.1 /mbg.jpg
INFO: [ app_init ] --START--
INFO: Run Behavior\BuildLiteBehavior [ RunTime:0.000021s ]
INFO: [ app_init ] --END-- [ RunTime:0.000148s ]
ERR: 无法加载模块:Mbg

[ 2015-03-11T16:47:52+08:00 ] 127.0.0.1 /Application/Home/Public/Css/lazyload.gif
INFO: [ app_init ] --START--
INFO: Run Behavior\BuildLiteBehavior [ RunTime:0.000011s ]
INFO: [ app_init ] --END-- [ RunTime:0.000073s ]
ERR: 无法加载模块:Application

[ 2015-03-11T16:47:52+08:00 ] 127.0.0.1 /Application/Home/Public/Css/play-img.png
INFO: [ app_init ] --START--
INFO: Run Behavior\BuildLiteBehavior [ RunTime:0.000015s ]
INFO: [ app_init ] --END-- [ RunTime:0.000101s ]
ERR: 无法加载模块:Application

[ 2015-03-11T16:47:52+08:00 ] 127.0.0.1 /Application/Home/Public/Css/g.gif
INFO: [ app_init ] --START--
INFO: Run Behavior\BuildLiteBehavior [ RunTime:0.000015s ]
INFO: [ app_init ] --END-- [ RunTime:0.000101s ]
ERR: 无法加载模块:Application

[ 2015-03-11T16:49:05+08:00 ] 127.0.0.1 /mbg.jpg
INFO: [ app_init ] --START--
INFO: Run Behavior\BuildLiteBehavior [ RunTime:0.000020s ]
INFO: [ app_init ] --END-- [ RunTime:0.000131s ]
ERR: 无法加载模块:Mbg

[ 2015-03-11T16:49:05+08:00 ] 127.0.0.1 /Application/Home/Public/Css/lazyload.gif
INFO: [ app_init ] --START--
INFO: Run Behavior\BuildLiteBehavior [ RunTime:0.000017s ]
INFO: [ app_init ] --END-- [ RunTime:0.000120s ]
ERR: 无法加载模块:Application

[ 2015-03-11T16:49:05+08:00 ] 127.0.0.1 /Application/Home/Public/Css/g.gif
INFO: [ app_init ] --START--
INFO: Run Behavior\BuildLiteBehavior [ RunTime:0.000018s ]
INFO: [ app_init ] --END-- [ RunTime:0.000120s ]
ERR: 无法加载模块:Application

[ 2015-03-11T16:49:05+08:00 ] 127.0.0.1 /Application/Home/Public/Css/play-img.png
INFO: [ app_init ] --START--
INFO: Run Behavior\BuildLiteBehavior [ RunTime:0.000030s ]
INFO: [ app_init ] --END-- [ RunTime:0.000201s ]
ERR: 无法加载模块:Application

[ 2015-03-11T16:52:36+08:00 ] 127.0.0.1 /Application/Home/Public/Css/play-img.png
INFO: [ app_init ] --START--
INFO: Run Behavior\BuildLiteBehavior [ RunTime:0.000018s ]
INFO: [ app_init ] --END-- [ RunTime:0.000171s ]
ERR: 无法加载模块:Application

[ 2015-03-11T16:52:36+08:00 ] 127.0.0.1 /Application/Home/Public/Css/g.gif
INFO: [ app_init ] --START--
INFO: Run Behavior\BuildLiteBehavior [ RunTime:0.000015s ]
INFO: [ app_init ] --END-- [ RunTime:0.000098s ]
ERR: 无法加载模块:Application

[ 2015-03-11T16:52:36+08:00 ] 127.0.0.1 /Application/Home/Public/Css/lazyload.gif
INFO: [ app_init ] --START--
INFO: Run Behavior\BuildLiteBehavior [ RunTime:0.000026s ]
INFO: [ app_init ] --END-- [ RunTime:0.000189s ]
ERR: 无法加载模块:Application

[ 2015-03-11T16:52:36+08:00 ] 127.0.0.1 /mbg.jpg
INFO: [ app_init ] --START--
INFO: Run Behavior\BuildLiteBehavior [ RunTime:0.000031s ]
INFO: [ app_init ] --END-- [ RunTime:0.000237s ]
ERR: 无法加载模块:Mbg

[ 2015-03-11T16:52:49+08:00 ] 127.0.0.1 /mbg.jpg
INFO: [ app_init ] --START--
INFO: Run Behavior\BuildLiteBehavior [ RunTime:0.000020s ]
INFO: [ app_init ] --END-- [ RunTime:0.000126s ]
ERR: 无法加载模块:Mbg

[ 2015-03-11T16:52:49+08:00 ] 127.0.0.1 /Application/Home/Public/Css/lazyload.gif
INFO: [ app_init ] --START--
INFO: Run Behavior\BuildLiteBehavior [ RunTime:0.000012s ]
INFO: [ app_init ] --END-- [ RunTime:0.000081s ]
ERR: 无法加载模块:Application

[ 2015-03-11T16:52:49+08:00 ] 127.0.0.1 /Application/Home/Public/Css/play-img.png
INFO: [ app_init ] --START--
INFO: Run Behavior\BuildLiteBehavior [ RunTime:0.000016s ]
INFO: [ app_init ] --END-- [ RunTime:0.000105s ]
ERR: 无法加载模块:Application

[ 2015-03-11T16:52:49+08:00 ] 127.0.0.1 /Application/Home/Public/Css/g.gif
INFO: [ app_init ] --START--
INFO: Run Behavior\BuildLiteBehavior [ RunTime:0.000017s ]
INFO: [ app_init ] --END-- [ RunTime:0.000119s ]
ERR: 无法加载模块:Application

[ 2015-03-11T16:58:55+08:00 ] 127.0.0.1 /mbg.jpg
INFO: [ app_init ] --START--
INFO: Run Behavior\BuildLiteBehavior [ RunTime:0.000017s ]
INFO: [ app_init ] --END-- [ RunTime:0.000115s ]
ERR: 无法加载模块:Mbg

[ 2015-03-11T16:58:55+08:00 ] 127.0.0.1 /Application/Home/Public/Css/lazyload.gif
INFO: [ app_init ] --START--
INFO: Run Behavior\BuildLiteBehavior [ RunTime:0.000010s ]
INFO: [ app_init ] --END-- [ RunTime:0.000089s ]
ERR: 无法加载模块:Application

[ 2015-03-11T16:58:55+08:00 ] 127.0.0.1 /Application/Home/Public/Css/play-img.png
INFO: [ app_init ] --START--
INFO: Run Behavior\BuildLiteBehavior [ RunTime:0.000013s ]
INFO: [ app_init ] --END-- [ RunTime:0.000098s ]
ERR: 无法加载模块:Application

[ 2015-03-11T16:58:55+08:00 ] 127.0.0.1 /Application/Home/Public/Css/g.gif
INFO: [ app_init ] --START--
INFO: Run Behavior\BuildLiteBehavior [ RunTime:0.000018s ]
INFO: [ app_init ] --END-- [ RunTime:0.000125s ]
ERR: 无法加载模块:Application

[ 2015-03-11T16:59:19+08:00 ] 127.0.0.1 /mbg.jpg
INFO: [ app_init ] --START--
INFO: Run Behavior\BuildLiteBehavior [ RunTime:0.000018s ]
INFO: [ app_init ] --END-- [ RunTime:0.000122s ]
ERR: 无法加载模块:Mbg

[ 2015-03-11T16:59:19+08:00 ] 127.0.0.1 /Application/Home/Public/Css/lazyload.gif
INFO: [ app_init ] --START--
INFO: Run Behavior\BuildLiteBehavior [ RunTime:0.000018s ]
INFO: [ app_init ] --END-- [ RunTime:0.000124s ]
ERR: 无法加载模块:Application

[ 2015-03-11T16:59:19+08:00 ] 127.0.0.1 /Application/Home/Public/Css/g.gif
INFO: [ app_init ] --START--
INFO: Run Behavior\BuildLiteBehavior [ RunTime:0.000019s ]
INFO: [ app_init ] --END-- [ RunTime:0.000122s ]
ERR: 无法加载模块:Application

[ 2015-03-11T16:59:19+08:00 ] 127.0.0.1 /Application/Home/Public/Css/play-img.png
INFO: [ app_init ] --START--
INFO: Run Behavior\BuildLiteBehavior [ RunTime:0.000029s ]
INFO: [ app_init ] --END-- [ RunTime:0.000209s ]
ERR: 无法加载模块:Application

[ 2015-03-11T17:01:40+08:00 ] 127.0.0.1 /mbg.jpg
INFO: [ app_init ] --START--
INFO: Run Behavior\BuildLiteBehavior [ RunTime:0.000031s ]
INFO: [ app_init ] --END-- [ RunTime:0.000332s ]
ERR: 无法加载模块:Mbg

[ 2015-03-11T17:01:40+08:00 ] 127.0.0.1 /Application/Home/Public/Css/play-img.png
INFO: [ app_init ] --START--
INFO: Run Behavior\BuildLiteBehavior [ RunTime:0.000028s ]
INFO: [ app_init ] --END-- [ RunTime:0.000193s ]
ERR: 无法加载模块:Application

[ 2015-03-11T17:01:40+08:00 ] 127.0.0.1 /Application/Home/Public/Css/lazyload.gif
INFO: [ app_init ] --START--
INFO: Run Behavior\BuildLiteBehavior [ RunTime:0.000017s ]
INFO: [ app_init ] --END-- [ RunTime:0.000109s ]
ERR: 无法加载模块:Application

[ 2015-03-11T17:01:40+08:00 ] 127.0.0.1 /Application/Home/Public/Css/g.gif
INFO: [ app_init ] --START--
INFO: Run Behavior\BuildLiteBehavior [ RunTime:0.000028s ]
INFO: [ app_init ] --END-- [ RunTime:0.000210s ]
ERR: 无法加载模块:Application

[ 2015-03-11T17:01:57+08:00 ] 127.0.0.1 /mbg.jpg
INFO: [ app_init ] --START--
INFO: Run Behavior\BuildLiteBehavior [ RunTime:0.000030s ]
INFO: [ app_init ] --END-- [ RunTime:0.000223s ]
ERR: 无法加载模块:Mbg

[ 2015-03-11T17:01:57+08:00 ] 127.0.0.1 /Application/Home/Public/Css/lazyload.gif
INFO: [ app_init ] --START--
INFO: Run Behavior\BuildLiteBehavior [ RunTime:0.000017s ]
INFO: [ app_init ] --END-- [ RunTime:0.000118s ]
ERR: 无法加载模块:Application

[ 2015-03-11T17:01:57+08:00 ] 127.0.0.1 /Application/Home/Public/Css/play-img.png
INFO: [ app_init ] --START--
INFO: Run Behavior\BuildLiteBehavior [ RunTime:0.000018s ]
INFO: [ app_init ] --END-- [ RunTime:0.000122s ]
ERR: 无法加载模块:Application

[ 2015-03-11T17:01:57+08:00 ] 127.0.0.1 /Application/Home/Public/Css/g.gif
INFO: [ app_init ] --START--
INFO: Run Behavior\BuildLiteBehavior [ RunTime:0.000012s ]
INFO: [ app_init ] --END-- [ RunTime:0.000074s ]
ERR: 无法加载模块:Application

[ 2015-03-11T17:04:44+08:00 ] 127.0.0.1 /Application/Home/Public/Css/lazyload.gif
INFO: [ app_init ] --START--
INFO: Run Behavior\BuildLiteBehavior [ RunTime:0.000023s ]
INFO: [ app_init ] --END-- [ RunTime:0.000145s ]
ERR: 无法加载模块:Application

[ 2015-03-11T17:04:44+08:00 ] 127.0.0.1 /Application/Home/Public/Css/play-img.png
INFO: [ app_init ] --START--
INFO: Run Behavior\BuildLiteBehavior [ RunTime:0.000028s ]
INFO: [ app_init ] --END-- [ RunTime:0.000199s ]
ERR: 无法加载模块:Application

[ 2015-03-11T17:04:44+08:00 ] 127.0.0.1 /mbg.jpg
INFO: [ app_init ] --START--
INFO: Run Behavior\BuildLiteBehavior [ RunTime:0.000030s ]
INFO: [ app_init ] --END-- [ RunTime:0.000225s ]
ERR: 无法加载模块:Mbg

[ 2015-03-11T17:04:44+08:00 ] 127.0.0.1 /Application/Home/Public/Css/g.gif
INFO: [ app_init ] --START--
INFO: Run Behavior\BuildLiteBehavior [ RunTime:0.000022s ]
INFO: [ app_init ] --END-- [ RunTime:0.000173s ]
ERR: 无法加载模块:Application

[ 2015-03-11T17:05:02+08:00 ] 127.0.0.1 /mbg.jpg
INFO: [ app_init ] --START--
INFO: Run Behavior\BuildLiteBehavior [ RunTime:0.000014s ]
INFO: [ app_init ] --END-- [ RunTime:0.000088s ]
ERR: 无法加载模块:Mbg

[ 2015-03-11T17:05:02+08:00 ] 127.0.0.1 /Application/Home/Public/Css/lazyload.gif
INFO: [ app_init ] --START--
INFO: Run Behavior\BuildLiteBehavior [ RunTime:0.000014s ]
INFO: [ app_init ] --END-- [ RunTime:0.000111s ]
ERR: 无法加载模块:Application

[ 2015-03-11T17:05:02+08:00 ] 127.0.0.1 /Application/Home/Public/Css/play-img.png
INFO: [ app_init ] --START--
INFO: Run Behavior\BuildLiteBehavior [ RunTime:0.000019s ]
INFO: [ app_init ] --END-- [ RunTime:0.000125s ]
ERR: 无法加载模块:Application

[ 2015-03-11T17:05:02+08:00 ] 127.0.0.1 /Application/Home/Public/Css/g.gif
INFO: [ app_init ] --START--
INFO: Run Behavior\BuildLiteBehavior [ RunTime:0.000019s ]
INFO: [ app_init ] --END-- [ RunTime:0.000124s ]
ERR: 无法加载模块:Application

[ 2015-03-11T17:05:13+08:00 ] 127.0.0.1 /mbg.jpg
INFO: [ app_init ] --START--
INFO: Run Behavior\BuildLiteBehavior [ RunTime:0.000016s ]
INFO: [ app_init ] --END-- [ RunTime:0.000110s ]
ERR: 无法加载模块:Mbg

[ 2015-03-11T17:05:13+08:00 ] 127.0.0.1 /Application/Home/Public/Css/play-img.png
INFO: [ app_init ] --START--
INFO: Run Behavior\BuildLiteBehavior [ RunTime:0.000011s ]
INFO: [ app_init ] --END-- [ RunTime:0.000074s ]
ERR: 无法加载模块:Application

[ 2015-03-11T17:05:13+08:00 ] 127.0.0.1 /Application/Home/Public/Css/g.gif
INFO: [ app_init ] --START--
INFO: Run Behavior\BuildLiteBehavior [ RunTime:0.000016s ]
INFO: [ app_init ] --END-- [ RunTime:0.000106s ]
ERR: 无法加载模块:Application

[ 2015-03-11T17:05:13+08:00 ] 127.0.0.1 /Application/Home/Public/Css/lazyload.gif
INFO: [ app_init ] --START--
INFO: Run Behavior\BuildLiteBehavior [ RunTime:0.000018s ]
INFO: [ app_init ] --END-- [ RunTime:0.000117s ]
ERR: 无法加载模块:Application

